 
 
*               * * * * * * * * * * * * * * * * * * * * * * * *                 
*               *                                             *                 
*               *    Program:  LaGriT V3.3.4   Linux          *                 
*               *    Compiler Name: GNU                       *                 
*               *    Compiler Version: 13.3.0                 *                 
*               *    Date Compile: 2025/02/05                 *                 
*               *    Run Time: 2025/Mar  6  04:55:42          *                 
*               *    Manual:   https://lagrit.lanl.gov        *                 
*               *                                             *                 
*               * * * * * * * * * * * * * * * * * * * * * * * *                 
 
                               -----oOo-----                                    
             LaGriT V3 LA-CC-15-069  https://github.com/lanl/LaGriT             
  Copyright 2016. Triad National Security, LLC.  All rights reserved. This      
  program was produced under U.S. Government contract 89233218CNA000001         
  for Los Alamos National Laboratory (LANL), which is operated by Triad         
  National Security, LLC for the U.S. Department of Energy/National Nuclear     
  Security Administration.  All rights in the program are reserved by Triad     
  National Security, LLC, and the U.S. Department of Energy/National Nuclear    
  Security Administration. The Government is granted for itself and others      
  acting on its behalf a nonexclusive, paid-up, irrevocable worldwide license   
  in this material to reproduce, prepare derivative works, distribute copies    
  to the public, perform publicly and display publicly, and to permit others to 
  do so. This software is open source and available under the BSD-3 License.    
                               -----oOo-----                                    
 
 
Output log file: lagrit_logs/driver317.out                                      
Command log file: lagrit_logs/driver317.log                                     
 
read/avs/ex_xyz317_2.inp/mo_vertex                                              
cmo/status/brief                                                                
 
The current-mesh-object(CMO) is: mo_vertex                                      
 
  1 Mesh Object name: mo_vertex                                                 
    number of nodes =        210524        number of elements =            0    
    dimensions geometry =         3        element type =                tet    
    dimensions topology =         3        4 nodes      4 faces      6 edges    
    boundary flag =        16000000        status =                   active    
 
 
finish                                                                          
cmo/addatt/mo_vertex/area_tri/vdouble/scalar/nnodes                             
cmo/readatt/mo_vertex/area_tri/1 0 0/ex_area317_2.table                         
readatt: reading     1 values from each line.                                   
readatt filling attribute:       1  area_tri                                    
cmo/status/mo_vertex brief                                                      
 
The current-mesh-object(CMO) is: mo_vertex                                      
 
  1 Mesh Object name: mo_vertex                                                 
    number of nodes =        210524        number of elements =            0    
    dimensions geometry =         3        element type =                tet    
    dimensions topology =         3        4 nodes      4 faces      6 edges    
    boundary flag =        16000000        status =                   active    
 
 
finish                                                                          
File values used:     1 out of     1 from each line.                            
File values written to     1 out of     1 attributes.                           
END readatt: reading     1 values from          210524 lines.                   
read/avs/frac317.inp/frac                                                       
cmo/addatt/frac/dfield/VDOUBLE/scalar/nnodes/linear/permanent/gxaf/0.0          
finish                                                                          
geniee                                                                          
finish                                                                          
cmo/status/brief                                                                
 
The current-mesh-object(CMO) is: frac                                           
 
  1 Mesh Object name: mo_vertex                                                 
    number of nodes =        210524        number of elements =            0    
    dimensions geometry =         3        element type =                tet    
    dimensions topology =         3        4 nodes      4 faces      6 edges    
    boundary flag =        16000000        status =                 inactive    
 
  2 Mesh Object name: frac                                                      
    number of nodes =        622033        number of elements =      3558468    
    dimensions geometry =         3        element type =                tet    
    dimensions topology =         3        4 nodes      4 faces      6 edges    
    boundary flag =        22000000        status =                   active    
 
 
finish                                                                          
cmo/addatt/frac/area_sum/vdouble/scalar/nnodes                                  
upscale/sum/frac,area_sum/1 0 0/mo_vertex,area_tri                              
cmo/addatt/mo_vertex/pt_gtg/VINT/scalar/nnodes//permanent/agfx/0                
finish                                                                          
cmo/addatt/mo_vertex/dups_gtg/VINT/scalar/nnodes//permanent/agfx/0              
finish                                                                          
 
UPSCALE METHOD:        sum                                                      
       options:     delatt  multiple    set_id                                  
      622033  Sink Nodes of area_sum in course mesh: frac                       
      210524  Source Nodes of area_tri in fine mesh: mo_vertex                  
 
  Source Nodes    Percent Done                                                  
           4211        2 %                                                      
           8421        4 %                                                      
          12631        6 %                                                      
          16841        8 %                                                      
          21051       10 %                                                      
          25261       12 %                                                      
          29471       14 %                                                      
          33681       16 %                                                      
          37891       18 %                                                      
          42101       20 %                                                      
          46311       22 %                                                      
          50521       24 %                                                      
          54731       26 %                                                      
          58941       28 %                                                      
          63151       30 %                                                      
          67361       32 %                                                      
          71571       34 %                                                      
          75781       36 %                                                      
          79991       38 %                                                      
          84201       40 %                                                      
          88411       42 %                                                      
          92621       44 %                                                      
          96831       46 %                                                      
         101041       48 %                                                      
         105251       50 %                                                      
         109461       52 %                                                      
         113671       54 %                                                      
         117881       56 %                                                      
         122091       58 %                                                      
         126301       60 %                                                      
         130511       62 %                                                      
         134721       64 %                                                      
         138931       66 %                                                      
         143141       68 %                                                      
         147351       70 %                                                      
         151561       72 %                                                      
         155771       74 %                                                      
         159981       76 %                                                      
         164191       78 %                                                      
         168401       80 %                                                      
         172611       82 %                                                      
         176821       84 %                                                      
         181031       86 %                                                      
         185241       88 %                                                      
         189451       90 %                                                      
         193661       92 %                                                      
         197871       94 %                                                      
         202081       96 %                                                      
         206291       98 %                                                      
         210501      100 %                                                      
         210524 Total source nodes searched.                                    
          19510 sink nodes out of            622033 assigned values.            
         210524 source nodes out of          210524 used as source values.      
UPSCALE/sum/ from area_tri to area_sum Done.                                    
 
cmo DELATT mo_vertex/pt_gtg                                                     
finish                                                                          
cmo DELATT mo_vertex/dups_gtg                                                   
finish                                                                          
cmo select frac                                                                 
finish                                                                          
cmo kdtree release                                                              
finish                                                                          
cmo/DELATT/frac/itp1                                                            
cmo/DELATT/frac/icr1                                                            
cmo/DELATT/frac/isn1                                                            
cmo/DELATT/frac/dfield                                                          
dump/avs/area_sum317.table/frac/0 0 2 0                                         
WARNING: dump/avs  iopt_points=    0                                            
WARNING: dump/avs  iopt_elements=    0                                          
WARNING: dump/avs  iopt_values_node=    2                                       
WARNING: dump/avs  iopt_values_elem=    0                                       
WARNING: dump/avs  will produce non-standard AVS output that                    
WARNING: read/avs may not be able to read.                                      
cmo/modatt/-def-/-def-/ioflag/x                                                 
finish                                                                          
cmo/delete/mo_vertex                                                            
     Released Mesh Object: mo_vertex                                            
cmo/delete/frac                                                                 
     Released Mesh Object: frac                                                 
finish                                                                          
LaGriT successfully completed                                                   
