 
 
*               * * * * * * * * * * * * * * * * * * * * * * * *                 
*               *                                             *                 
*               *    Program:  LaGriT V3.3.4   Linux          *                 
*               *    Compiler Name: GNU                       *                 
*               *    Compiler Version: 13.3.0                 *                 
*               *    Date Compile: 2025/02/05                 *                 
*               *    Run Time: 2025/Mar  5  19:19:43          *                 
*               *    Manual:   https://lagrit.lanl.gov        *                 
*               *                                             *                 
*               * * * * * * * * * * * * * * * * * * * * * * * *                 
 
                               -----oOo-----                                    
             LaGriT V3 LA-CC-15-069  https://github.com/lanl/LaGriT             
  Copyright 2016. Triad National Security, LLC.  All rights reserved. This      
  program was produced under U.S. Government contract 89233218CNA000001         
  for Los Alamos National Laboratory (LANL), which is operated by Triad         
  National Security, LLC for the U.S. Department of Energy/National Nuclear     
  Security Administration.  All rights in the program are reserved by Triad     
  National Security, LLC, and the U.S. Department of Energy/National Nuclear    
  Security Administration. The Government is granted for itself and others      
  acting on its behalf a nonexclusive, paid-up, irrevocable worldwide license   
  in this material to reproduce, prepare derivative works, distribute copies    
  to the public, perform publicly and display publicly, and to permit others to 
  do so. This software is open source and available under the BSD-3 License.    
                               -----oOo-----                                    
 
 
Output log file: lagrit_logs/driver_frac486.out                                 
Command log file: lagrit_logs/driver_frac486.log                                
 
read/avs/mohex2.inp/mohex2                                                      
cmo/addatt/mohex2/itetpar/VINT/scalar/nelements/linear/permanent/gxaf/0.0       
finish                                                                          
cmo/addatt/mohex2/itetkid/VINT/scalar/nelements/linear/permanent/gxaf/0.0       
finish                                                                          
cmo/addatt/mohex2/itetlev/VINT/scalar/nelements/linear/permanent/gxaf/0.0       
finish                                                                          
cmo/addatt/mohex2/if_int/VINT/scalar/nelements/linear/permanent/gxaf/0.0        
finish                                                                          
geniee                                                                          
finish                                                                          
cmo/status/brief                                                                
 
The current-mesh-object(CMO) is: mohex2                                         
 
  1 Mesh Object name: mohex2                                                    
    number of nodes =        277453        number of elements =       168853    
    dimensions geometry =         3        element type =                hex    
    dimensions topology =         3        8 nodes      6 faces     12 edges    
    boundary flag =        16000000        status =                   active    
 
 
finish                                                                          
cmo/DELATT/mohex2/if_int                                                        
read/avs/MOTET_np1.inp/MOTET_np1                                                
geniee                                                                          
finish                                                                          
cmo/status/brief                                                                
 
The current-mesh-object(CMO) is: MOTET_np1                                      
 
  1 Mesh Object name: mohex2                                                    
    number of nodes =        277453        number of elements =       168853    
    dimensions geometry =         3        element type =                hex    
    dimensions topology =         3        8 nodes      6 faces     12 edges    
    boundary flag =        16000000        status =                 inactive    
 
  2 Mesh Object name: MOTET_np1                                                 
    number of nodes =       2190827        number of elements =     12758441    
    dimensions geometry =         3        element type =                tet    
    dimensions topology =         3        4 nodes      4 faces      6 edges    
    boundary flag =        78000000        status =                   active    
 
 
finish                                                                          
read/avs/MOTET.inp/MOTET                                                        
geniee                                                                          
finish                                                                          
cmo/status/brief                                                                
 
The current-mesh-object(CMO) is: MOTET                                          
 
  1 Mesh Object name: mohex2                                                    
    number of nodes =        277453        number of elements =       168853    
    dimensions geometry =         3        element type =                hex    
    dimensions topology =         3        8 nodes      6 faces     12 edges    
    boundary flag =        16000000        status =                 inactive    
 
  2 Mesh Object name: MOTET_np1                                                 
    number of nodes =       2190827        number of elements =     12758441    
    dimensions geometry =         3        element type =                tet    
    dimensions topology =         3        4 nodes      4 faces      6 edges    
    boundary flag =        78000000        status =                 inactive    
 
  3 Mesh Object name: MOTET                                                     
    number of nodes =        622033        number of elements =      3558468    
    dimensions geometry =         3        element type =                tet    
    dimensions topology =         3        4 nodes      4 faces      6 edges    
    boundary flag =        22000000        status =                   active    
 
 
finish                                                                          
read/avs/reduced_mesh.inp/MODFN                                                 
cmo/addatt/MODFN/family_id/VINT/scalar/nelements/linear/permanent/gxaf/0.0      
finish                                                                          
geniee                                                                          
finish                                                                          
cmo/status/brief                                                                
 
The current-mesh-object(CMO) is: MODFN                                          
 
  1 Mesh Object name: mohex2                                                    
    number of nodes =        277453        number of elements =       168853    
    dimensions geometry =         3        element type =                hex    
    dimensions topology =         3        8 nodes      6 faces     12 edges    
    boundary flag =        16000000        status =                 inactive    
 
  2 Mesh Object name: MOTET_np1                                                 
    number of nodes =       2190827        number of elements =     12758441    
    dimensions geometry =         3        element type =                tet    
    dimensions topology =         3        4 nodes      4 faces      6 edges    
    boundary flag =        78000000        status =                 inactive    
 
  3 Mesh Object name: MOTET                                                     
    number of nodes =        622033        number of elements =      3558468    
    dimensions geometry =         3        element type =                tet    
    dimensions topology =         3        4 nodes      4 faces      6 edges    
    boundary flag =        22000000        status =                 inactive    
 
  4 Mesh Object name: MODFN                                                     
    number of nodes =         17092        number of elements =        12796    
    dimensions geometry =         3        element type =                tri    
    dimensions topology =         2        3 nodes      3 faces      3 edges    
    boundary flag =        16000000        status =                   active    
 
 
finish                                                                          
cmo/create/FRACTURE486                                                          
cmo/copy/FRACTURE486/MODFN                                                      
     Released Mesh Object: FRACTURE486                                          
cmo/select/FRACTURE486                                                          
pset/pdel/attribute imt/1 0 0/ne/486                                            
 
 THE PSET  pdel  HAS      17084 POINTS                                          
rmpoint pset,get,pdel                                                           
 Dudded      17084 points plus parents, plus       12790 elements removed.      
rmpoint compress                                                                
     17084 points removed and          0 elements removed.                      
RMPOINT: new point count is            8                                        
RMPOINT: new element count is          6                                        
resetpts itp                                                                    
geniee                                                                          
finish                                                                          
pset/pdel/delete                                                                
 
 PSET pdel     DELETED                                                          
 
eltset/edel/itetclr/ne/486                                                      
 
 THE ELTSET edel                             HAS          0 ELEMENTS            
rmpoint element eltset,get,edel                                                 
 Dudded          0 points plus parents, and           0 elements removed.       
rmpoint compress                                                                
         0 points removed and          0 elements removed.                      
RMPOINT: new point count is            8                                        
RMPOINT: new element count is          6                                        
resetpts itp                                                                    
geniee                                                                          
finish                                                                          
eltset/edel/delete                                                              
 
 ELTSET edel                             DELETED                                
 
intersect_elements/mohex2/FRACTURE486/if_int                                    
cmo/select/mohex2                                                               
finish                                                                          
kdtree/build                                                                    
cmo/addatt//v2/INT/scalar/scalar/constant/temporary//2.0                        
finish                                                                          
cmo/addatt//linkt/VINT/v2/nelements//temporary/x/0.0                            
finish                                                                          
cmo/addatt//v12/INT/scalar/scalar/constant/temporary//12.0                      
finish                                                                          
cmo/addatt//sbox/VDOUBLE/v12/nelements/linear/temporary/x/0.0                   
finish                                                                          
finish                                                                          
cmo/addatt/mohex2/if_int/VINT/scalar/nelements/linear/permanent//0/             
finish                                                                          
 
         Element    Elems Searched  Elements Found  Percent Done                
              1               11              5        5 %                      
              6              117             21    Total Done                   
 
cmo/select/mohex2                                                               
finish                                                                          
kdtree/release                                                                  
cmo/DELATT/mohex2/sbox                                                          
finish                                                                          
cmo/DELATT/mohex2/v12                                                           
finish                                                                          
cmo/DELATT/mohex2/linkt                                                         
finish                                                                          
cmo/DELATT/mohex2/v2                                                            
finish                                                                          
finish                                                                          
eltset/erefine/if_int/ne/0                                                      
 
 THE ELTSET erefine                          HAS         21 ELEMENTS            
pset/pinter/eltset erefine                                                      
 
 THE PSET  pinter  HAS         64 POINTS                                        
cmo/create/temp486                                                              
cmo/copy/temp486/mohex2                                                         
     Released Mesh Object: temp486                                              
cmo/select/temp486                                                              
pset/pdel/if_int/1 0 0/eq/0                                                     
 
 THE PSET  pdel  HAS          0 POINTS                                          
rmpoint,pset,get,pdel                                                           
 Dudded          0 points plus parents, there are no elements in mesh.          
rmpoint compress                                                                
         0 points removed and          0 elements removed.                      
RMPOINT: new point count is       277453                                        
RMPOINT: new element count is     168853                                        
resetpts itp                                                                    
geniee                                                                          
finish                                                                          
pset/pdel/delete                                                                
 
 PSET pdel     DELETED                                                          
 
eltset/edel/if_int/eq/0                                                         
 
 THE ELTSET edel                             HAS     168832 ELEMENTS            
rmpoint element eltset,get,edel                                                 
 Dudded     277389 points plus parents, and      168832 elements removed.       
rmpoint compress                                                                
    277389 points removed and          0 elements removed.                      
RMPOINT: new point count is           64                                        
RMPOINT: new element count is         21                                        
resetpts itp                                                                    
geniee                                                                          
finish                                                                          
eltset/edel/delete                                                              
 
 ELTSET edel                             DELETED                                
 
cmo/setatt/temp486/itetclr/1 0 0/486                                            
        21 values reset for attribute itetclr                                   
 
cmo/setatt/temp486/imt/1 0 0/486                                                
        64 values reset for attribute imt1                                      
 
cmo/create/TETCOPY                                                              
cmo/copy/TETCOPY/MOTET                                                          
     Released Mesh Object: TETCOPY                                              
cmo/select/TETCOPY                                                              
interpolate/map/TETCOPY/itetclr/1 0 0/temp486/itetclr                           
elements in indexed set  =    3558468                                           
 
INTRP METHOD:        map   FUNCTION:       user                                 
      TIEBREAKER:     maxtie   FLAG:      plus1  0.487000000000E+03             
 
cmo select temp486                                                              
finish                                                                          
cmo kdtree build                                                                
cmo/addatt//v2/INT/scalar/scalar/constant/temporary//2.0                        
finish                                                                          
cmo/addatt//linkt/VINT/v2/nelements//temporary/x/0.0                            
finish                                                                          
cmo/addatt//v12/INT/scalar/scalar/constant/temporary//12.0                      
finish                                                                          
cmo/addatt//sbox/VDOUBLE/v12/nelements/linear/temporary/x/0.0                   
finish                                                                          
finish                                                                          
cmo setatt temp486 idebug/0                                                     
         1 values reset for attribute idebug                                    
 
finish                                                                          
 
Build kdtree done - assign the enclosing element for each.                      
 
 
     Sink point   Elems Searched  Elements Found  Percent Done                  
 
          71170                0              0        2 %                      
         142339                0              0        4 %                      
         213508               10             10        6 %                      
         284677               10             10        8 %                      
         355846               10             10       10 %                      
         427015               18             18       12 %                      
         498184               18             18       14 %                      
         569353               18             18       16 %                      
         640522               18             18       18 %                      
         711691               27             27       20 %                      
         782860               27             27       22 %                      
         854029               27             27       24 %                      
         925198               35             35       26 %                      
         996367               35             35       28 %                      
        1067536               35             35       30 %                      
        1138705               41             41       32 %                      
        1209874               41             41       34 %                      
        1281043               41             41       36 %                      
        1352212               48             48       38 %                      
        1423381               49             49       40 %                      
        1494550               49             49       42 %                      
        1565719               49             49       44 %                      
        1636888               62             62       46 %                      
        1708057               62             62       48 %                      
        1779226               62             62       50 %                      
        1850395               78             78       52 %                      
        1921564               78             78       54 %                      
        1992733               78             78       56 %                      
        2063902               80             80       58 %                      
        2135071               80             80       60 %                      
        2206240               80             80       62 %                      
        2277409               84             84       64 %                      
        2348578               84             84       66 %                      
        2419747               84             84       68 %                      
        2490916               88             88       70 %                      
        2562085               88             88       72 %                      
        2633254               88             88       74 %                      
        2704423               89             89       76 %                      
        2775592               89             89       78 %                      
        2846761               89             89       80 %                      
        2917930               99             99       82 %                      
        2989099               99             99       84 %                      
        3060268              110            110       86 %                      
        3131437              110            110       88 %                      
        3202606              110            110       90 %                      
        3273775              118            118       92 %                      
        3344944              118            118       94 %                      
        3416113              123            123       96 %                      
        3487282              123            123       98 %                      
        3558451              124            124      100 %                      
        3558468              124            124       100%                      
 
Total Source Elements:                      21                                  
Total Sink   Centroids:                3558468                                  
 
WARNING: Sink points not inside source grid:                  3558344           
Outside sink points flagged with value:                        487.00           
 
interpolate/map done.                                                           
 
cmo select TETCOPY                                                              
finish                                                                          
cmo kdtree release                                                              
cmo/DELATT/temp486/sbox                                                         
finish                                                                          
cmo/DELATT/temp486/v12                                                          
finish                                                                          
cmo/DELATT/temp486/linkt                                                        
finish                                                                          
cmo/DELATT/temp486/v2                                                           
finish                                                                          
finish                                                                          
compute/distance_field/TETCOPY/temp486/dfield                                   
cmo/addatt/TETCOPY/temp_tmp_var/VDOUBLE/scalar/nnodes/linear/temporary//-1.0    
finish                                                                          
cmo/addatt/TETCOPY/xobj_tmp_var/VDOUBLE/scalar/nnodes/linear/temporary//-1.0    
finish                                                                          
cmo/addatt/TETCOPY/yobj_tmp_var/VDOUBLE/scalar/nnodes/linear/temporary//-1.0    
finish                                                                          
cmo/addatt/TETCOPY/zobj_tmp_var/VDOUBLE/scalar/nnodes/linear/temporary//-1.0    
finish                                                                          
cmo/addatt/TETCOPY/dfield/VDOUBLE/scalar/nnodes/linear/permanent//-1.0          
finish                                                                          
interpolate/voronoi/TETCOPY/xobj_tmp_var/1 0 0/temp486/xic/keepatt              
nodes in indexed point set  =     622033                                        
cmo/addatt/TETCOPY/pt_gtg/VINT/scalar/nnodes//permanent/agfx/0                  
finish                                                                          
 
INTRP METHOD:    voronoi   FUNCTION:     linear                                 
      TIEBREAKER:     maxtie   FLAG:      plus1  0.245010000000E+05             
 
pt_gtg attribute will be added and kept.                                        
 
Build kdtree0 done - assign nearest node for each.                              
 
 
     Sink point   Points Searched   Points Found  Percent Done                  
 
          12442            12474          12442        2 %                      
          24883            24953          24883        4 %                      
          37324            37440          37324        6 %                      
          49765            49927          49765        8 %                      
          62206            62402          62206       10 %                      
          74647            74883          74647       12 %                      
          87088            87368          87088       14 %                      
          99529            99857          99529       16 %                      
         111970           112340         111970       18 %                      
         124411           124824         124411       20 %                      
         136852           137306         136852       22 %                      
         149293           149782         149293       24 %                      
         161734           162266         161734       26 %                      
         174175           174746         174175       28 %                      
         186616           187221         186616       30 %                      
         199057           199697         199057       32 %                      
         211498           212172         211498       34 %                      
         223939           224651         223939       36 %                      
         236380           237133         236380       38 %                      
         248821           249612         248821       40 %                      
         261262           262094         261262       42 %                      
         273703           274582         273703       44 %                      
         286144           287059         286144       46 %                      
         298585           299540         298585       48 %                      
         311026           312019         311026       50 %                      
         323467           324500         323467       52 %                      
         335908           336980         335908       54 %                      
         348349           349454         348349       56 %                      
         360790           361928         360790       58 %                      
         373231           374406         373231       60 %                      
         385672           386905         385672       62 %                      
         398113           399391         398113       64 %                      
         410554           411867         410554       66 %                      
         422995           424351         422995       68 %                      
         435436           436839         435436       70 %                      
         447877           449347         447877       72 %                      
         460318           461913         460318       74 %                      
         472759           474810         472759       76 %                      
         485200           487802         485200       78 %                      
         497641           500446         497641       80 %                      
         510082           513166         510082       82 %                      
         522523           525668         522523       84 %                      
         534964           538175         534964       86 %                      
         547405           550677         547405       88 %                      
         559846           563177         559846       90 %                      
         572287           575672         572287       92 %                      
         584728           588166         584728       94 %                      
         597169           600662         597169       96 %                      
         609610           613158         609610       98 %                      
         622033           625640         622033       100%                      
 
Total Source Nodes:                      64                                     
Total Sink   Nodes:                  622033                                     
 
 
interpolate/voronoi done.                                                       
 
cmo select TETCOPY                                                              
finish                                                                          
cmo kdtree release                                                              
finish                                                                          
finish                                                                          
interpolate/voronoi/TETCOPY/yobj_tmp_var/1 0 0/temp486/yic/keepatt              
nodes in indexed point set  =     622033                                        
 
INTRP METHOD:    voronoi   FUNCTION:     linear                                 
      TIEBREAKER:     maxtie   FLAG:      plus1 -0.144990000000E+05             
 
SKIPPING POINT SEARCH... using lookup attribute pt_gtg                          
          12442            12442          12442        2 %                      
          24883            24883          24883        4 %                      
          37324            37324          37324        6 %                      
          49765            49765          49765        8 %                      
          62206            62206          62206       10 %                      
          74647            74647          74647       12 %                      
          87088            87088          87088       14 %                      
          99529            99529          99529       16 %                      
         111970           111970         111970       18 %                      
         124411           124411         124411       20 %                      
         136852           136852         136852       22 %                      
         149293           149293         149293       24 %                      
         161734           161734         161734       26 %                      
         174175           174175         174175       28 %                      
         186616           186616         186616       30 %                      
         199057           199057         199057       32 %                      
         211498           211498         211498       34 %                      
         223939           223939         223939       36 %                      
         236380           236380         236380       38 %                      
         248821           248821         248821       40 %                      
         261262           261262         261262       42 %                      
         273703           273703         273703       44 %                      
         286144           286144         286144       46 %                      
         298585           298585         298585       48 %                      
         311026           311026         311026       50 %                      
         323467           323467         323467       52 %                      
         335908           335908         335908       54 %                      
         348349           348349         348349       56 %                      
         360790           360790         360790       58 %                      
         373231           373231         373231       60 %                      
         385672           385672         385672       62 %                      
         398113           398113         398113       64 %                      
         410554           410554         410554       66 %                      
         422995           422995         422995       68 %                      
         435436           435436         435436       70 %                      
         447877           447877         447877       72 %                      
         460318           460318         460318       74 %                      
         472759           472759         472759       76 %                      
         485200           485200         485200       78 %                      
         497641           497641         497641       80 %                      
         510082           510082         510082       82 %                      
         522523           522523         522523       84 %                      
         534964           534964         534964       86 %                      
         547405           547405         547405       88 %                      
         559846           559846         559846       90 %                      
         572287           572287         572287       92 %                      
         584728           584728         584728       94 %                      
         597169           597169         597169       96 %                      
         609610           609610         609610       98 %                      
         622033           622033         622033       100%                      
 
Total Source Nodes:                      64                                     
Total Sink   Nodes:                  622033                                     
 
 
interpolate/voronoi done.                                                       
 
cmo select TETCOPY                                                              
finish                                                                          
cmo kdtree release                                                              
finish                                                                          
finish                                                                          
interpolate/voronoi/TETCOPY/zobj_tmp_var/1 0 0/temp486/zic                      
nodes in indexed point set  =     622033                                        
 
INTRP METHOD:    voronoi   FUNCTION:     linear                                 
      TIEBREAKER:     maxtie   FLAG:      plus1  0.140010000000E+05             
 
SKIPPING POINT SEARCH... using lookup attribute pt_gtg                          
          12442            12442          12442        2 %                      
          24883            24883          24883        4 %                      
          37324            37324          37324        6 %                      
          49765            49765          49765        8 %                      
          62206            62206          62206       10 %                      
          74647            74647          74647       12 %                      
          87088            87088          87088       14 %                      
          99529            99529          99529       16 %                      
         111970           111970         111970       18 %                      
         124411           124411         124411       20 %                      
         136852           136852         136852       22 %                      
         149293           149293         149293       24 %                      
         161734           161734         161734       26 %                      
         174175           174175         174175       28 %                      
         186616           186616         186616       30 %                      
         199057           199057         199057       32 %                      
         211498           211498         211498       34 %                      
         223939           223939         223939       36 %                      
         236380           236380         236380       38 %                      
         248821           248821         248821       40 %                      
         261262           261262         261262       42 %                      
         273703           273703         273703       44 %                      
         286144           286144         286144       46 %                      
         298585           298585         298585       48 %                      
         311026           311026         311026       50 %                      
         323467           323467         323467       52 %                      
         335908           335908         335908       54 %                      
         348349           348349         348349       56 %                      
         360790           360790         360790       58 %                      
         373231           373231         373231       60 %                      
         385672           385672         385672       62 %                      
         398113           398113         398113       64 %                      
         410554           410554         410554       66 %                      
         422995           422995         422995       68 %                      
         435436           435436         435436       70 %                      
         447877           447877         447877       72 %                      
         460318           460318         460318       74 %                      
         472759           472759         472759       76 %                      
         485200           485200         485200       78 %                      
         497641           497641         497641       80 %                      
         510082           510082         510082       82 %                      
         522523           522523         522523       84 %                      
         534964           534964         534964       86 %                      
         547405           547405         547405       88 %                      
         559846           559846         559846       90 %                      
         572287           572287         572287       92 %                      
         584728           584728         584728       94 %                      
         597169           597169         597169       96 %                      
         609610           609610         609610       98 %                      
         622033           622033         622033       100%                      
 
Total Source Nodes:                      64                                     
Total Sink   Nodes:                  622033                                     
 
 
interpolate/voronoi done.                                                       
 
cmo DELATT TETCOPY/pt_gtg                                                       
finish                                                                          
cmo select TETCOPY                                                              
finish                                                                          
cmo kdtree release                                                              
finish                                                                          
finish                                                                          
math/sub/TETCOPY/temp_tmp_var/1,0,0/TETCOPY/xic/TETCOPY/xobj_tmp_var            
finish                                                                          
math/power/TETCOPY/dfield/1,0,0/TETCOPY/temp_tmp_var/2.0                        
finish                                                                          
math/sub/TETCOPY/temp_tmp_var/1,0,0/TETCOPY/yic/TETCOPY/yobj_tmp_var            
finish                                                                          
math/power/TETCOPY/temp_tmp_var/1,0,0/TETCOPY/temp_tmp_var/2.0                  
finish                                                                          
math/add/TETCOPY/dfield/1 0 0/TETCOPY/dfield/TETCOPY/temp_tmp_var               
finish                                                                          
math/sub/TETCOPY/temp_tmp_var/1,0,0/TETCOPY/zic/TETCOPY/zobj_tmp_var            
finish                                                                          
math/power/TETCOPY/temp_tmp_var/1,0,0/TETCOPY/temp_tmp_var/2.0                  
finish                                                                          
math/add/TETCOPY/dfield/1 0 0/TETCOPY/dfield/TETCOPY/temp_tmp_var               
finish                                                                          
math/power/TETCOPY/dfield/1,0,0/TETCOPY/dfield/0.5                              
finish                                                                          
cmo/delatt/TETCOPY/temp_tmp_var                                                 
finish                                                                          
cmo/delatt/TETCOPY/xobj_tmp_var                                                 
finish                                                                          
cmo/delatt/TETCOPY/yobj_tmp_var                                                 
finish                                                                          
cmo/delatt/TETCOPY/zobj_tmp_var                                                 
finish                                                                          
COMPUTE distance_field: Done.                                                   
cmo/select/TETCOPY                                                              
pset/pfrac/attribute/dfield/1 0 0/le/1.e-8                                      
 
 THE PSET  pfrac  HAS         64 POINTS                                         
cmo/setatt/TETCOPY/imt/1 0 0/2149                                               
    622033 values reset for attribute imt1                                      
 
cmo/setatt/TETCOPY/imt/pset get pfrac/486                                       
        64 values reset for attribute imt1                                      
 
cmo/set_id/MOTET_np1/element/id_cell                                            
cmo/addatt/MOTET_np1 id_cell/VINT/scalar/nelements/linear/permanent//0          
finish                                                                          
cmo/set_id/MOTET_np1/node/id_vertex                                             
cmo/addatt/MOTET_np1 id_vertex/VINT/scalar/nnodes/linear/permanent//0           
finish                                                                          
extract/plane/ptnorm/23559.68654 -15253.89541 -2062.493379/-0.161037647404328 0.
647322538768048 0.745010340143926/1 0 0/moext/MOTET_np1                         
cmo/status/brief                                                                
 
The current-mesh-object(CMO) is: moext                                          
 
  1 Mesh Object name: mohex2                                                    
    number of nodes =        277453        number of elements =       168853    
    dimensions geometry =         3        element type =                hex    
    dimensions topology =         3        8 nodes      6 faces     12 edges    
    boundary flag =        16000000        status =                 inactive    
 
  2 Mesh Object name: MOTET_np1                                                 
    number of nodes =       2190827        number of elements =     12758441    
    dimensions geometry =         3        element type =                tet    
    dimensions topology =         3        4 nodes      4 faces      6 edges    
    boundary flag =        78000000        status =                 inactive    
 
  3 Mesh Object name: MOTET                                                     
    number of nodes =        622033        number of elements =      3558468    
    dimensions geometry =         3        element type =                tet    
    dimensions topology =         3        4 nodes      4 faces      6 edges    
    boundary flag =        22000000        status =                 inactive    
 
  4 Mesh Object name: MODFN                                                     
    number of nodes =         17092        number of elements =        12796    
    dimensions geometry =         3        element type =                tri    
    dimensions topology =         2        3 nodes      3 faces      3 edges    
    boundary flag =        16000000        status =                 inactive    
 
  5 Mesh Object name: FRACTURE486                                               
    number of nodes =             8        number of elements =            6    
    dimensions geometry =         3        element type =                tri    
    dimensions topology =         2        3 nodes      3 faces      3 edges    
    boundary flag =        16000000        status =                 inactive    
 
  6 Mesh Object name: temp486                                                   
    number of nodes =            64        number of elements =           21    
    dimensions geometry =         3        element type =                hex    
    dimensions topology =         3        8 nodes      6 faces     12 edges    
    boundary flag =        16000000        status =                 inactive    
 
  7 Mesh Object name: TETCOPY                                                   
    number of nodes =        622033        number of elements =      3558468    
    dimensions geometry =         3        element type =                tet    
    dimensions topology =         3        4 nodes      4 faces      6 edges    
    boundary flag =        22000000        status =                 inactive    
 
  8 Mesh Object name: moext                                                     
    number of nodes =         47649        number of elements =        73639    
    dimensions geometry =         3        element type =                hyb    
    dimensions topology =         2       10 nodes     10 faces     12 edges    
    boundary flag =       306000000        status =                   active    
 
 
createpts/median                                                                
cmo/addatt//xmed/VDOUBLE/scalar/nelements///gal/0.                              
finish                                                                          
cmo/addatt//ymed/VDOUBLE/scalar/nelements///gal/0.                              
finish                                                                          
cmo/addatt//zmed/VDOUBLE/scalar/nelements///gal/0.                              
finish                                                                          
cmo/DELATT/moext/id_cell                                                        
cmo/DELATT/moext/id_parent                                                      
DELATT no action, attribute does not exist: id_parent                           
dump/avs2/ex_xyz486.table/moext 0 0 0 1                                         
WARNING: dump/avs  iopt_points=    0                                            
WARNING: dump/avs  iopt_elements=    0                                          
WARNING: dump/avs  iopt_values_node=    0                                       
WARNING: dump/avs  iopt_values_elem=    1                                       
WARNING: dump/avs  will produce non-standard AVS output that                    
WARNING: read/avs may not be able to read.                                      
cmo/modatt/-def-/-def-/ioflag/x                                                 
finish                                                                          
cmo/addatt/moext/volume/area_tri                                                
ADDATT/volume: creating new attribute: area_tri                                 
cmo/DELATT/moext/xmed                                                           
cmo/DELATT/moext/ymed                                                           
cmo/DELATT/moext/zmed                                                           
dump/avs2/ex_area486.table/moext 0 0 0 1                                        
WARNING: dump/avs  iopt_points=    0                                            
WARNING: dump/avs  iopt_elements=    0                                          
WARNING: dump/avs  iopt_values_node=    0                                       
WARNING: dump/avs  iopt_values_elem=    1                                       
WARNING: dump/avs  will produce non-standard AVS output that                    
WARNING: read/avs may not be able to read.                                      
cmo/modatt/-def-/-def-/ioflag/x                                                 
finish                                                                          
cmo/delete/moext                                                                
     Released Mesh Object: moext                                                
cmo/select/TETCOPY                                                              
cmo/DELATT/TETCOPY/icr1                                                         
cmo/DELATT/TETCOPY/itp1                                                         
cmo/DELATT/TETCOPY/isn1                                                         
dump/avs2/frac486.inp/TETCOPY                                                   
cmo/modatt/-def-/-def-/ioflag/x                                                 
finish                                                                          
cmo/delete/temp486                                                              
     Released Mesh Object: temp486                                              
cmo/delete/TETCOPY                                                              
     Released Mesh Object: TETCOPY                                              
cmo/select/mohex2                                                               
cmo/setatt/mohex2/itetclr/eltset get erefine/486                                
        21 values reset for attribute itetclr                                   
 
cmo/setatt/mohex2/imt/pset get pinter/486                                       
        64 values reset for attribute imt1                                      
 
eltset/erefine/delete                                                           
 
 ELTSET erefine                          DELETED                                
 
pset/pinter/delete                                                              
 
 PSET pinter   DELETED                                                          
 
cmo/DELATT/mohex2/if_int                                                        
cmo/delete/FRACTURE486                                                          
     Released Mesh Object: FRACTURE486                                          
finish                                                                          
LaGriT successfully completed                                                   
