 
 
*               * * * * * * * * * * * * * * * * * * * * * * * *                 
*               *                                             *                 
*               *    Program:  LaGriT V3.3.4   Linux          *                 
*               *    Compiler Name: GNU                       *                 
*               *    Compiler Version: 13.3.0                 *                 
*               *    Date Compile: 2025/02/05                 *                 
*               *    Run Time: 2025/Mar  5  21:03:06          *                 
*               *    Manual:   https://lagrit.lanl.gov        *                 
*               *                                             *                 
*               * * * * * * * * * * * * * * * * * * * * * * * *                 
 
                               -----oOo-----                                    
             LaGriT V3 LA-CC-15-069  https://github.com/lanl/LaGriT             
  Copyright 2016. Triad National Security, LLC.  All rights reserved. This      
  program was produced under U.S. Government contract 89233218CNA000001         
  for Los Alamos National Laboratory (LANL), which is operated by Triad         
  National Security, LLC for the U.S. Department of Energy/National Nuclear     
  Security Administration.  All rights in the program are reserved by Triad     
  National Security, LLC, and the U.S. Department of Energy/National Nuclear    
  Security Administration. The Government is granted for itself and others      
  acting on its behalf a nonexclusive, paid-up, irrevocable worldwide license   
  in this material to reproduce, prepare derivative works, distribute copies    
  to the public, perform publicly and display publicly, and to permit others to 
  do so. This software is open source and available under the BSD-3 License.    
                               -----oOo-----                                    
 
 
Output log file: lagrit_logs/driver_frac805.out                                 
Command log file: lagrit_logs/driver_frac805.log                                
 
read/avs/mohex2.inp/mohex2                                                      
cmo/addatt/mohex2/itetpar/VINT/scalar/nelements/linear/permanent/gxaf/0.0       
finish                                                                          
cmo/addatt/mohex2/itetkid/VINT/scalar/nelements/linear/permanent/gxaf/0.0       
finish                                                                          
cmo/addatt/mohex2/itetlev/VINT/scalar/nelements/linear/permanent/gxaf/0.0       
finish                                                                          
cmo/addatt/mohex2/if_int/VINT/scalar/nelements/linear/permanent/gxaf/0.0        
finish                                                                          
geniee                                                                          
finish                                                                          
cmo/status/brief                                                                
 
The current-mesh-object(CMO) is: mohex2                                         
 
  1 Mesh Object name: mohex2                                                    
    number of nodes =        277453        number of elements =       168853    
    dimensions geometry =         3        element type =                hex    
    dimensions topology =         3        8 nodes      6 faces     12 edges    
    boundary flag =        16000000        status =                   active    
 
 
finish                                                                          
cmo/DELATT/mohex2/if_int                                                        
read/avs/MOTET_np1.inp/MOTET_np1                                                
geniee                                                                          
finish                                                                          
cmo/status/brief                                                                
 
The current-mesh-object(CMO) is: MOTET_np1                                      
 
  1 Mesh Object name: mohex2                                                    
    number of nodes =        277453        number of elements =       168853    
    dimensions geometry =         3        element type =                hex    
    dimensions topology =         3        8 nodes      6 faces     12 edges    
    boundary flag =        16000000        status =                 inactive    
 
  2 Mesh Object name: MOTET_np1                                                 
    number of nodes =       2190827        number of elements =     12758441    
    dimensions geometry =         3        element type =                tet    
    dimensions topology =         3        4 nodes      4 faces      6 edges    
    boundary flag =        78000000        status =                   active    
 
 
finish                                                                          
read/avs/MOTET.inp/MOTET                                                        
geniee                                                                          
finish                                                                          
cmo/status/brief                                                                
 
The current-mesh-object(CMO) is: MOTET                                          
 
  1 Mesh Object name: mohex2                                                    
    number of nodes =        277453        number of elements =       168853    
    dimensions geometry =         3        element type =                hex    
    dimensions topology =         3        8 nodes      6 faces     12 edges    
    boundary flag =        16000000        status =                 inactive    
 
  2 Mesh Object name: MOTET_np1                                                 
    number of nodes =       2190827        number of elements =     12758441    
    dimensions geometry =         3        element type =                tet    
    dimensions topology =         3        4 nodes      4 faces      6 edges    
    boundary flag =        78000000        status =                 inactive    
 
  3 Mesh Object name: MOTET                                                     
    number of nodes =        622033        number of elements =      3558468    
    dimensions geometry =         3        element type =                tet    
    dimensions topology =         3        4 nodes      4 faces      6 edges    
    boundary flag =        22000000        status =                   active    
 
 
finish                                                                          
read/avs/reduced_mesh.inp/MODFN                                                 
cmo/addatt/MODFN/family_id/VINT/scalar/nelements/linear/permanent/gxaf/0.0      
finish                                                                          
geniee                                                                          
finish                                                                          
cmo/status/brief                                                                
 
The current-mesh-object(CMO) is: MODFN                                          
 
  1 Mesh Object name: mohex2                                                    
    number of nodes =        277453        number of elements =       168853    
    dimensions geometry =         3        element type =                hex    
    dimensions topology =         3        8 nodes      6 faces     12 edges    
    boundary flag =        16000000        status =                 inactive    
 
  2 Mesh Object name: MOTET_np1                                                 
    number of nodes =       2190827        number of elements =     12758441    
    dimensions geometry =         3        element type =                tet    
    dimensions topology =         3        4 nodes      4 faces      6 edges    
    boundary flag =        78000000        status =                 inactive    
 
  3 Mesh Object name: MOTET                                                     
    number of nodes =        622033        number of elements =      3558468    
    dimensions geometry =         3        element type =                tet    
    dimensions topology =         3        4 nodes      4 faces      6 edges    
    boundary flag =        22000000        status =                 inactive    
 
  4 Mesh Object name: MODFN                                                     
    number of nodes =         17092        number of elements =        12796    
    dimensions geometry =         3        element type =                tri    
    dimensions topology =         2        3 nodes      3 faces      3 edges    
    boundary flag =        16000000        status =                   active    
 
 
finish                                                                          
cmo/create/FRACTURE805                                                          
cmo/copy/FRACTURE805/MODFN                                                      
     Released Mesh Object: FRACTURE805                                          
cmo/select/FRACTURE805                                                          
pset/pdel/attribute imt/1 0 0/ne/805                                            
 
 THE PSET  pdel  HAS      17086 POINTS                                          
rmpoint pset,get,pdel                                                           
 Dudded      17086 points plus parents, plus       12792 elements removed.      
rmpoint compress                                                                
     17086 points removed and          0 elements removed.                      
RMPOINT: new point count is            6                                        
RMPOINT: new element count is          4                                        
resetpts itp                                                                    
geniee                                                                          
finish                                                                          
pset/pdel/delete                                                                
 
 PSET pdel     DELETED                                                          
 
eltset/edel/itetclr/ne/805                                                      
 
 THE ELTSET edel                             HAS          0 ELEMENTS            
rmpoint element eltset,get,edel                                                 
 Dudded          0 points plus parents, and           0 elements removed.       
rmpoint compress                                                                
         0 points removed and          0 elements removed.                      
RMPOINT: new point count is            6                                        
RMPOINT: new element count is          4                                        
resetpts itp                                                                    
geniee                                                                          
finish                                                                          
eltset/edel/delete                                                              
 
 ELTSET edel                             DELETED                                
 
intersect_elements/mohex2/FRACTURE805/if_int                                    
cmo/select/mohex2                                                               
finish                                                                          
kdtree/build                                                                    
cmo/addatt//v2/INT/scalar/scalar/constant/temporary//2.0                        
finish                                                                          
cmo/addatt//linkt/VINT/v2/nelements//temporary/x/0.0                            
finish                                                                          
cmo/addatt//v12/INT/scalar/scalar/constant/temporary//12.0                      
finish                                                                          
cmo/addatt//sbox/VDOUBLE/v12/nelements/linear/temporary/x/0.0                   
finish                                                                          
finish                                                                          
cmo/addatt/mohex2/if_int/VINT/scalar/nelements/linear/permanent//0/             
finish                                                                          
 
         Element    Elems Searched  Elements Found  Percent Done                
              1               14              5        5 %                      
              4              134             18    Total Done                   
 
cmo/select/mohex2                                                               
finish                                                                          
kdtree/release                                                                  
cmo/DELATT/mohex2/sbox                                                          
finish                                                                          
cmo/DELATT/mohex2/v12                                                           
finish                                                                          
cmo/DELATT/mohex2/linkt                                                         
finish                                                                          
cmo/DELATT/mohex2/v2                                                            
finish                                                                          
finish                                                                          
eltset/erefine/if_int/ne/0                                                      
 
 THE ELTSET erefine                          HAS         18 ELEMENTS            
pset/pinter/eltset erefine                                                      
 
 THE PSET  pinter  HAS         56 POINTS                                        
cmo/create/temp805                                                              
cmo/copy/temp805/mohex2                                                         
     Released Mesh Object: temp805                                              
cmo/select/temp805                                                              
pset/pdel/if_int/1 0 0/eq/0                                                     
 
 THE PSET  pdel  HAS          0 POINTS                                          
rmpoint,pset,get,pdel                                                           
 Dudded          0 points plus parents, there are no elements in mesh.          
rmpoint compress                                                                
         0 points removed and          0 elements removed.                      
RMPOINT: new point count is       277453                                        
RMPOINT: new element count is     168853                                        
resetpts itp                                                                    
geniee                                                                          
finish                                                                          
pset/pdel/delete                                                                
 
 PSET pdel     DELETED                                                          
 
eltset/edel/if_int/eq/0                                                         
 
 THE ELTSET edel                             HAS     168835 ELEMENTS            
rmpoint element eltset,get,edel                                                 
 Dudded     277397 points plus parents, and      168835 elements removed.       
rmpoint compress                                                                
    277397 points removed and          0 elements removed.                      
RMPOINT: new point count is           56                                        
RMPOINT: new element count is         18                                        
resetpts itp                                                                    
geniee                                                                          
finish                                                                          
eltset/edel/delete                                                              
 
 ELTSET edel                             DELETED                                
 
cmo/setatt/temp805/itetclr/1 0 0/805                                            
        18 values reset for attribute itetclr                                   
 
cmo/setatt/temp805/imt/1 0 0/805                                                
        56 values reset for attribute imt1                                      
 
cmo/create/TETCOPY                                                              
cmo/copy/TETCOPY/MOTET                                                          
     Released Mesh Object: TETCOPY                                              
cmo/select/TETCOPY                                                              
interpolate/map/TETCOPY/itetclr/1 0 0/temp805/itetclr                           
elements in indexed set  =    3558468                                           
 
INTRP METHOD:        map   FUNCTION:       user                                 
      TIEBREAKER:     maxtie   FLAG:      plus1  0.806000000000E+03             
 
cmo select temp805                                                              
finish                                                                          
cmo kdtree build                                                                
cmo/addatt//v2/INT/scalar/scalar/constant/temporary//2.0                        
finish                                                                          
cmo/addatt//linkt/VINT/v2/nelements//temporary/x/0.0                            
finish                                                                          
cmo/addatt//v12/INT/scalar/scalar/constant/temporary//12.0                      
finish                                                                          
cmo/addatt//sbox/VDOUBLE/v12/nelements/linear/temporary/x/0.0                   
finish                                                                          
finish                                                                          
cmo setatt temp805 idebug/0                                                     
         1 values reset for attribute idebug                                    
 
finish                                                                          
 
Build kdtree done - assign the enclosing element for each.                      
 
 
     Sink point   Elems Searched  Elements Found  Percent Done                  
 
          71170                0              0        2 %                      
         142339                0              0        4 %                      
         213508                8              8        6 %                      
         284677                8              8        8 %                      
         355846                8              8       10 %                      
         427015               16             16       12 %                      
         498184               16             16       14 %                      
         569353               16             16       16 %                      
         640522               16             16       18 %                      
         711691               30             30       20 %                      
         782860               30             30       22 %                      
         854029               30             30       24 %                      
         925198               38             38       26 %                      
         996367               38             38       28 %                      
        1067536               38             38       30 %                      
        1138705               41             41       32 %                      
        1209874               41             41       34 %                      
        1281043               41             41       36 %                      
        1352212               44             44       38 %                      
        1423381               44             44       40 %                      
        1494550               44             44       42 %                      
        1565719               44             44       44 %                      
        1636888               62             62       46 %                      
        1708057               62             62       48 %                      
        1779226               62             62       50 %                      
        1850395               67             67       52 %                      
        1921564               67             67       54 %                      
        1992733               67             67       56 %                      
        2063902               77             77       58 %                      
        2135071               77             77       60 %                      
        2206240               77             77       62 %                      
        2277409               79             79       64 %                      
        2348578               79             79       66 %                      
        2419747               79             79       68 %                      
        2490916               81             81       70 %                      
        2562085               81             81       72 %                      
        2633254               81             81       74 %                      
        2704423               87             87       76 %                      
        2775592               87             87       78 %                      
        2846761               87             87       80 %                      
        2917930               94             94       82 %                      
        2989099               94             94       84 %                      
        3060268               98             98       86 %                      
        3131437               98             98       88 %                      
        3202606               98             98       90 %                      
        3273775              104            104       92 %                      
        3344944              104            104       94 %                      
        3416113              105            105       96 %                      
        3487282              106            106       98 %                      
        3558451              106            106      100 %                      
        3558468              106            106       100%                      
 
Total Source Elements:                      18                                  
Total Sink   Centroids:                3558468                                  
 
WARNING: Sink points not inside source grid:                  3558362           
Outside sink points flagged with value:                        806.00           
 
interpolate/map done.                                                           
 
cmo select TETCOPY                                                              
finish                                                                          
cmo kdtree release                                                              
cmo/DELATT/temp805/sbox                                                         
finish                                                                          
cmo/DELATT/temp805/v12                                                          
finish                                                                          
cmo/DELATT/temp805/linkt                                                        
finish                                                                          
cmo/DELATT/temp805/v2                                                           
finish                                                                          
finish                                                                          
compute/distance_field/TETCOPY/temp805/dfield                                   
cmo/addatt/TETCOPY/temp_tmp_var/VDOUBLE/scalar/nnodes/linear/temporary//-1.0    
finish                                                                          
cmo/addatt/TETCOPY/xobj_tmp_var/VDOUBLE/scalar/nnodes/linear/temporary//-1.0    
finish                                                                          
cmo/addatt/TETCOPY/yobj_tmp_var/VDOUBLE/scalar/nnodes/linear/temporary//-1.0    
finish                                                                          
cmo/addatt/TETCOPY/zobj_tmp_var/VDOUBLE/scalar/nnodes/linear/temporary//-1.0    
finish                                                                          
cmo/addatt/TETCOPY/dfield/VDOUBLE/scalar/nnodes/linear/permanent//-1.0          
finish                                                                          
interpolate/voronoi/TETCOPY/xobj_tmp_var/1 0 0/temp805/xic/keepatt              
nodes in indexed point set  =     622033                                        
cmo/addatt/TETCOPY/pt_gtg/VINT/scalar/nnodes//permanent/agfx/0                  
finish                                                                          
 
INTRP METHOD:    voronoi   FUNCTION:     linear                                 
      TIEBREAKER:     maxtie   FLAG:      plus1  0.245010000000E+05             
 
pt_gtg attribute will be added and kept.                                        
 
Build kdtree0 done - assign nearest node for each.                              
 
 
     Sink point   Points Searched   Points Found  Percent Done                  
 
          12442            12486          12442        2 %                      
          24883            24971          24883        4 %                      
          37324            37460          37324        6 %                      
          49765            49943          49765        8 %                      
          62206            62432          62206       10 %                      
          74647            74925          74647       12 %                      
          87088            87406          87088       14 %                      
          99529            99891          99529       16 %                      
         111970           112376         111970       18 %                      
         124411           124857         124411       20 %                      
         136852           137338         136852       22 %                      
         149293           149825         149293       24 %                      
         161734           162316         161734       26 %                      
         174175           174807         174175       28 %                      
         186616           187288         186616       30 %                      
         199057           199781         199057       32 %                      
         211498           212262         211498       34 %                      
         223939           224757         223939       36 %                      
         236380           237262         236380       38 %                      
         248821           249751         248821       40 %                      
         261262           262242         261262       42 %                      
         273703           274757         273703       44 %                      
         286144           287251         286144       46 %                      
         298585           299732         298585       48 %                      
         311026           312213         311026       50 %                      
         323467           324700         323467       52 %                      
         335908           337191         335908       54 %                      
         348349           349678         348349       56 %                      
         360790           362168         360790       58 %                      
         373231           374666         373231       60 %                      
         385672           387166         385672       62 %                      
         398113           399661         398113       64 %                      
         410554           412160         410554       66 %                      
         422995           424653         422995       68 %                      
         435436           437138         435436       70 %                      
         447877           449622         447877       72 %                      
         460318           462113         460318       74 %                      
         472759           474554         472759       76 %                      
         485200           486995         485200       78 %                      
         497641           499436         497641       80 %                      
         510082           511877         510082       82 %                      
         522523           524318         522523       84 %                      
         534964           536759         534964       86 %                      
         547405           549200         547405       88 %                      
         559846           561641         559846       90 %                      
         572287           574082         572287       92 %                      
         584728           586523         584728       94 %                      
         597169           598964         597169       96 %                      
         609610           611405         609610       98 %                      
         622033           623828         622033       100%                      
 
Total Source Nodes:                      56                                     
Total Sink   Nodes:                  622033                                     
 
 
interpolate/voronoi done.                                                       
 
cmo select TETCOPY                                                              
finish                                                                          
cmo kdtree release                                                              
finish                                                                          
finish                                                                          
interpolate/voronoi/TETCOPY/yobj_tmp_var/1 0 0/temp805/yic/keepatt              
nodes in indexed point set  =     622033                                        
 
INTRP METHOD:    voronoi   FUNCTION:     linear                                 
      TIEBREAKER:     maxtie   FLAG:      plus1 -0.394990000000E+05             
 
SKIPPING POINT SEARCH... using lookup attribute pt_gtg                          
          12442            12442          12442        2 %                      
          24883            24883          24883        4 %                      
          37324            37324          37324        6 %                      
          49765            49765          49765        8 %                      
          62206            62206          62206       10 %                      
          74647            74647          74647       12 %                      
          87088            87088          87088       14 %                      
          99529            99529          99529       16 %                      
         111970           111970         111970       18 %                      
         124411           124411         124411       20 %                      
         136852           136852         136852       22 %                      
         149293           149293         149293       24 %                      
         161734           161734         161734       26 %                      
         174175           174175         174175       28 %                      
         186616           186616         186616       30 %                      
         199057           199057         199057       32 %                      
         211498           211498         211498       34 %                      
         223939           223939         223939       36 %                      
         236380           236380         236380       38 %                      
         248821           248821         248821       40 %                      
         261262           261262         261262       42 %                      
         273703           273703         273703       44 %                      
         286144           286144         286144       46 %                      
         298585           298585         298585       48 %                      
         311026           311026         311026       50 %                      
         323467           323467         323467       52 %                      
         335908           335908         335908       54 %                      
         348349           348349         348349       56 %                      
         360790           360790         360790       58 %                      
         373231           373231         373231       60 %                      
         385672           385672         385672       62 %                      
         398113           398113         398113       64 %                      
         410554           410554         410554       66 %                      
         422995           422995         422995       68 %                      
         435436           435436         435436       70 %                      
         447877           447877         447877       72 %                      
         460318           460318         460318       74 %                      
         472759           472759         472759       76 %                      
         485200           485200         485200       78 %                      
         497641           497641         497641       80 %                      
         510082           510082         510082       82 %                      
         522523           522523         522523       84 %                      
         534964           534964         534964       86 %                      
         547405           547405         547405       88 %                      
         559846           559846         559846       90 %                      
         572287           572287         572287       92 %                      
         584728           584728         584728       94 %                      
         597169           597169         597169       96 %                      
         609610           609610         609610       98 %                      
         622033           622033         622033       100%                      
 
Total Source Nodes:                      56                                     
Total Sink   Nodes:                  622033                                     
 
 
interpolate/voronoi done.                                                       
 
cmo select TETCOPY                                                              
finish                                                                          
cmo kdtree release                                                              
finish                                                                          
finish                                                                          
interpolate/voronoi/TETCOPY/zobj_tmp_var/1 0 0/temp805/zic                      
nodes in indexed point set  =     622033                                        
 
INTRP METHOD:    voronoi   FUNCTION:     linear                                 
      TIEBREAKER:     maxtie   FLAG:      plus1  0.110010000000E+05             
 
SKIPPING POINT SEARCH... using lookup attribute pt_gtg                          
          12442            12442          12442        2 %                      
          24883            24883          24883        4 %                      
          37324            37324          37324        6 %                      
          49765            49765          49765        8 %                      
          62206            62206          62206       10 %                      
          74647            74647          74647       12 %                      
          87088            87088          87088       14 %                      
          99529            99529          99529       16 %                      
         111970           111970         111970       18 %                      
         124411           124411         124411       20 %                      
         136852           136852         136852       22 %                      
         149293           149293         149293       24 %                      
         161734           161734         161734       26 %                      
         174175           174175         174175       28 %                      
         186616           186616         186616       30 %                      
         199057           199057         199057       32 %                      
         211498           211498         211498       34 %                      
         223939           223939         223939       36 %                      
         236380           236380         236380       38 %                      
         248821           248821         248821       40 %                      
         261262           261262         261262       42 %                      
         273703           273703         273703       44 %                      
         286144           286144         286144       46 %                      
         298585           298585         298585       48 %                      
         311026           311026         311026       50 %                      
         323467           323467         323467       52 %                      
         335908           335908         335908       54 %                      
         348349           348349         348349       56 %                      
         360790           360790         360790       58 %                      
         373231           373231         373231       60 %                      
         385672           385672         385672       62 %                      
         398113           398113         398113       64 %                      
         410554           410554         410554       66 %                      
         422995           422995         422995       68 %                      
         435436           435436         435436       70 %                      
         447877           447877         447877       72 %                      
         460318           460318         460318       74 %                      
         472759           472759         472759       76 %                      
         485200           485200         485200       78 %                      
         497641           497641         497641       80 %                      
         510082           510082         510082       82 %                      
         522523           522523         522523       84 %                      
         534964           534964         534964       86 %                      
         547405           547405         547405       88 %                      
         559846           559846         559846       90 %                      
         572287           572287         572287       92 %                      
         584728           584728         584728       94 %                      
         597169           597169         597169       96 %                      
         609610           609610         609610       98 %                      
         622033           622033         622033       100%                      
 
Total Source Nodes:                      56                                     
Total Sink   Nodes:                  622033                                     
 
 
interpolate/voronoi done.                                                       
 
cmo DELATT TETCOPY/pt_gtg                                                       
finish                                                                          
cmo select TETCOPY                                                              
finish                                                                          
cmo kdtree release                                                              
finish                                                                          
finish                                                                          
math/sub/TETCOPY/temp_tmp_var/1,0,0/TETCOPY/xic/TETCOPY/xobj_tmp_var            
finish                                                                          
math/power/TETCOPY/dfield/1,0,0/TETCOPY/temp_tmp_var/2.0                        
finish                                                                          
math/sub/TETCOPY/temp_tmp_var/1,0,0/TETCOPY/yic/TETCOPY/yobj_tmp_var            
finish                                                                          
math/power/TETCOPY/temp_tmp_var/1,0,0/TETCOPY/temp_tmp_var/2.0                  
finish                                                                          
math/add/TETCOPY/dfield/1 0 0/TETCOPY/dfield/TETCOPY/temp_tmp_var               
finish                                                                          
math/sub/TETCOPY/temp_tmp_var/1,0,0/TETCOPY/zic/TETCOPY/zobj_tmp_var            
finish                                                                          
math/power/TETCOPY/temp_tmp_var/1,0,0/TETCOPY/temp_tmp_var/2.0                  
finish                                                                          
math/add/TETCOPY/dfield/1 0 0/TETCOPY/dfield/TETCOPY/temp_tmp_var               
finish                                                                          
math/power/TETCOPY/dfield/1,0,0/TETCOPY/dfield/0.5                              
finish                                                                          
cmo/delatt/TETCOPY/temp_tmp_var                                                 
finish                                                                          
cmo/delatt/TETCOPY/xobj_tmp_var                                                 
finish                                                                          
cmo/delatt/TETCOPY/yobj_tmp_var                                                 
finish                                                                          
cmo/delatt/TETCOPY/zobj_tmp_var                                                 
finish                                                                          
COMPUTE distance_field: Done.                                                   
cmo/select/TETCOPY                                                              
pset/pfrac/attribute/dfield/1 0 0/le/1.e-8                                      
 
 THE PSET  pfrac  HAS         56 POINTS                                         
cmo/setatt/TETCOPY/imt/1 0 0/2149                                               
    622033 values reset for attribute imt1                                      
 
cmo/setatt/TETCOPY/imt/pset get pfrac/805                                       
        56 values reset for attribute imt1                                      
 
cmo/set_id/MOTET_np1/element/id_cell                                            
cmo/addatt/MOTET_np1 id_cell/VINT/scalar/nelements/linear/permanent//0          
finish                                                                          
cmo/set_id/MOTET_np1/node/id_vertex                                             
cmo/addatt/MOTET_np1 id_vertex/VINT/scalar/nnodes/linear/permanent//0           
finish                                                                          
extract/plane/ptnorm/23574.11512 -40396.65493 -4916.138547/-0.644189600424515 0.
764655858771342 0.0179213936836403/1 0 0/moext/MOTET_np1                        
cmo/status/brief                                                                
 
The current-mesh-object(CMO) is: moext                                          
 
  1 Mesh Object name: mohex2                                                    
    number of nodes =        277453        number of elements =       168853    
    dimensions geometry =         3        element type =                hex    
    dimensions topology =         3        8 nodes      6 faces     12 edges    
    boundary flag =        16000000        status =                 inactive    
 
  2 Mesh Object name: MOTET_np1                                                 
    number of nodes =       2190827        number of elements =     12758441    
    dimensions geometry =         3        element type =                tet    
    dimensions topology =         3        4 nodes      4 faces      6 edges    
    boundary flag =        78000000        status =                 inactive    
 
  3 Mesh Object name: MOTET                                                     
    number of nodes =        622033        number of elements =      3558468    
    dimensions geometry =         3        element type =                tet    
    dimensions topology =         3        4 nodes      4 faces      6 edges    
    boundary flag =        22000000        status =                 inactive    
 
  4 Mesh Object name: MODFN                                                     
    number of nodes =         17092        number of elements =        12796    
    dimensions geometry =         3        element type =                tri    
    dimensions topology =         2        3 nodes      3 faces      3 edges    
    boundary flag =        16000000        status =                 inactive    
 
  5 Mesh Object name: FRACTURE805                                               
    number of nodes =             6        number of elements =            4    
    dimensions geometry =         3        element type =                tri    
    dimensions topology =         2        3 nodes      3 faces      3 edges    
    boundary flag =        16000000        status =                 inactive    
 
  6 Mesh Object name: temp805                                                   
    number of nodes =            56        number of elements =           18    
    dimensions geometry =         3        element type =                hex    
    dimensions topology =         3        8 nodes      6 faces     12 edges    
    boundary flag =        16000000        status =                 inactive    
 
  7 Mesh Object name: TETCOPY                                                   
    number of nodes =        622033        number of elements =      3558468    
    dimensions geometry =         3        element type =                tet    
    dimensions topology =         3        4 nodes      4 faces      6 edges    
    boundary flag =        22000000        status =                 inactive    
 
  8 Mesh Object name: moext                                                     
    number of nodes =         16732        number of elements =        25660    
    dimensions geometry =         3        element type =                hyb    
    dimensions topology =         2       10 nodes     10 faces     12 edges    
    boundary flag =       306000000        status =                   active    
 
 
createpts/median                                                                
cmo/addatt//xmed/VDOUBLE/scalar/nelements///gal/0.                              
finish                                                                          
cmo/addatt//ymed/VDOUBLE/scalar/nelements///gal/0.                              
finish                                                                          
cmo/addatt//zmed/VDOUBLE/scalar/nelements///gal/0.                              
finish                                                                          
cmo/DELATT/moext/id_cell                                                        
cmo/DELATT/moext/id_parent                                                      
DELATT no action, attribute does not exist: id_parent                           
dump/avs2/ex_xyz805.table/moext 0 0 0 1                                         
WARNING: dump/avs  iopt_points=    0                                            
WARNING: dump/avs  iopt_elements=    0                                          
WARNING: dump/avs  iopt_values_node=    0                                       
WARNING: dump/avs  iopt_values_elem=    1                                       
WARNING: dump/avs  will produce non-standard AVS output that                    
WARNING: read/avs may not be able to read.                                      
cmo/modatt/-def-/-def-/ioflag/x                                                 
finish                                                                          
cmo/addatt/moext/volume/area_tri                                                
ADDATT/volume: creating new attribute: area_tri                                 
cmo/DELATT/moext/xmed                                                           
cmo/DELATT/moext/ymed                                                           
cmo/DELATT/moext/zmed                                                           
dump/avs2/ex_area805.table/moext 0 0 0 1                                        
WARNING: dump/avs  iopt_points=    0                                            
WARNING: dump/avs  iopt_elements=    0                                          
WARNING: dump/avs  iopt_values_node=    0                                       
WARNING: dump/avs  iopt_values_elem=    1                                       
WARNING: dump/avs  will produce non-standard AVS output that                    
WARNING: read/avs may not be able to read.                                      
cmo/modatt/-def-/-def-/ioflag/x                                                 
finish                                                                          
cmo/delete/moext                                                                
     Released Mesh Object: moext                                                
cmo/select/TETCOPY                                                              
cmo/DELATT/TETCOPY/icr1                                                         
cmo/DELATT/TETCOPY/itp1                                                         
cmo/DELATT/TETCOPY/isn1                                                         
dump/avs2/frac805.inp/TETCOPY                                                   
cmo/modatt/-def-/-def-/ioflag/x                                                 
finish                                                                          
cmo/delete/temp805                                                              
     Released Mesh Object: temp805                                              
cmo/delete/TETCOPY                                                              
     Released Mesh Object: TETCOPY                                              
cmo/select/mohex2                                                               
cmo/setatt/mohex2/itetclr/eltset get erefine/805                                
        18 values reset for attribute itetclr                                   
 
cmo/setatt/mohex2/imt/pset get pinter/805                                       
        56 values reset for attribute imt1                                      
 
eltset/erefine/delete                                                           
 
 ELTSET erefine                          DELETED                                
 
pset/pinter/delete                                                              
 
 PSET pinter   DELETED                                                          
 
cmo/DELATT/mohex2/if_int                                                        
cmo/delete/FRACTURE805                                                          
     Released Mesh Object: FRACTURE805                                          
finish                                                                          
LaGriT successfully completed                                                   
