 
 
*               * * * * * * * * * * * * * * * * * * * * * * * *                 
*               *                                             *                 
*               *    Program:  LaGriT V3.3.4   Linux          *                 
*               *    Compiler Name: GNU                       *                 
*               *    Compiler Version: 13.3.0                 *                 
*               *    Date Compile: 2025/02/05                 *                 
*               *    Run Time: 2025/Mar  6  04:02:34          *                 
*               *    Manual:   https://lagrit.lanl.gov        *                 
*               *                                             *                 
*               * * * * * * * * * * * * * * * * * * * * * * * *                 
 
                               -----oOo-----                                    
             LaGriT V3 LA-CC-15-069  https://github.com/lanl/LaGriT             
  Copyright 2016. Triad National Security, LLC.  All rights reserved. This      
  program was produced under U.S. Government contract 89233218CNA000001         
  for Los Alamos National Laboratory (LANL), which is operated by Triad         
  National Security, LLC for the U.S. Department of Energy/National Nuclear     
  Security Administration.  All rights in the program are reserved by Triad     
  National Security, LLC, and the U.S. Department of Energy/National Nuclear    
  Security Administration. The Government is granted for itself and others      
  acting on its behalf a nonexclusive, paid-up, irrevocable worldwide license   
  in this material to reproduce, prepare derivative works, distribute copies    
  to the public, perform publicly and display publicly, and to permit others to 
  do so. This software is open source and available under the BSD-3 License.    
                               -----oOo-----                                    
 
 
Output log file: lagrit_logs/driver_frac2109.out                                
Command log file: lagrit_logs/driver_frac2109.log                               
 
read/avs/mohex2.inp/mohex2                                                      
cmo/addatt/mohex2/itetpar/VINT/scalar/nelements/linear/permanent/gxaf/0.0       
finish                                                                          
cmo/addatt/mohex2/itetkid/VINT/scalar/nelements/linear/permanent/gxaf/0.0       
finish                                                                          
cmo/addatt/mohex2/itetlev/VINT/scalar/nelements/linear/permanent/gxaf/0.0       
finish                                                                          
cmo/addatt/mohex2/if_int/VINT/scalar/nelements/linear/permanent/gxaf/0.0        
finish                                                                          
geniee                                                                          
finish                                                                          
cmo/status/brief                                                                
 
The current-mesh-object(CMO) is: mohex2                                         
 
  1 Mesh Object name: mohex2                                                    
    number of nodes =        277453        number of elements =       168853    
    dimensions geometry =         3        element type =                hex    
    dimensions topology =         3        8 nodes      6 faces     12 edges    
    boundary flag =        16000000        status =                   active    
 
 
finish                                                                          
cmo/DELATT/mohex2/if_int                                                        
read/avs/MOTET_np1.inp/MOTET_np1                                                
geniee                                                                          
finish                                                                          
cmo/status/brief                                                                
 
The current-mesh-object(CMO) is: MOTET_np1                                      
 
  1 Mesh Object name: mohex2                                                    
    number of nodes =        277453        number of elements =       168853    
    dimensions geometry =         3        element type =                hex    
    dimensions topology =         3        8 nodes      6 faces     12 edges    
    boundary flag =        16000000        status =                 inactive    
 
  2 Mesh Object name: MOTET_np1                                                 
    number of nodes =       2190827        number of elements =     12758441    
    dimensions geometry =         3        element type =                tet    
    dimensions topology =         3        4 nodes      4 faces      6 edges    
    boundary flag =        78000000        status =                   active    
 
 
finish                                                                          
read/avs/MOTET.inp/MOTET                                                        
geniee                                                                          
finish                                                                          
cmo/status/brief                                                                
 
The current-mesh-object(CMO) is: MOTET                                          
 
  1 Mesh Object name: mohex2                                                    
    number of nodes =        277453        number of elements =       168853    
    dimensions geometry =         3        element type =                hex    
    dimensions topology =         3        8 nodes      6 faces     12 edges    
    boundary flag =        16000000        status =                 inactive    
 
  2 Mesh Object name: MOTET_np1                                                 
    number of nodes =       2190827        number of elements =     12758441    
    dimensions geometry =         3        element type =                tet    
    dimensions topology =         3        4 nodes      4 faces      6 edges    
    boundary flag =        78000000        status =                 inactive    
 
  3 Mesh Object name: MOTET                                                     
    number of nodes =        622033        number of elements =      3558468    
    dimensions geometry =         3        element type =                tet    
    dimensions topology =         3        4 nodes      4 faces      6 edges    
    boundary flag =        22000000        status =                   active    
 
 
finish                                                                          
read/avs/reduced_mesh.inp/MODFN                                                 
cmo/addatt/MODFN/family_id/VINT/scalar/nelements/linear/permanent/gxaf/0.0      
finish                                                                          
geniee                                                                          
finish                                                                          
cmo/status/brief                                                                
 
The current-mesh-object(CMO) is: MODFN                                          
 
  1 Mesh Object name: mohex2                                                    
    number of nodes =        277453        number of elements =       168853    
    dimensions geometry =         3        element type =                hex    
    dimensions topology =         3        8 nodes      6 faces     12 edges    
    boundary flag =        16000000        status =                 inactive    
 
  2 Mesh Object name: MOTET_np1                                                 
    number of nodes =       2190827        number of elements =     12758441    
    dimensions geometry =         3        element type =                tet    
    dimensions topology =         3        4 nodes      4 faces      6 edges    
    boundary flag =        78000000        status =                 inactive    
 
  3 Mesh Object name: MOTET                                                     
    number of nodes =        622033        number of elements =      3558468    
    dimensions geometry =         3        element type =                tet    
    dimensions topology =         3        4 nodes      4 faces      6 edges    
    boundary flag =        22000000        status =                 inactive    
 
  4 Mesh Object name: MODFN                                                     
    number of nodes =         17092        number of elements =        12796    
    dimensions geometry =         3        element type =                tri    
    dimensions topology =         2        3 nodes      3 faces      3 edges    
    boundary flag =        16000000        status =                   active    
 
 
finish                                                                          
cmo/create/FRACTURE2109                                                         
cmo/copy/FRACTURE2109/MODFN                                                     
     Released Mesh Object: FRACTURE2109                                         
cmo/select/FRACTURE2109                                                         
pset/pdel/attribute imt/1 0 0/ne/2109                                           
 
 THE PSET  pdel  HAS      17085 POINTS                                          
rmpoint pset,get,pdel                                                           
 Dudded      17085 points plus parents, plus       12791 elements removed.      
rmpoint compress                                                                
     17085 points removed and          0 elements removed.                      
RMPOINT: new point count is            7                                        
RMPOINT: new element count is          5                                        
resetpts itp                                                                    
geniee                                                                          
finish                                                                          
pset/pdel/delete                                                                
 
 PSET pdel     DELETED                                                          
 
eltset/edel/itetclr/ne/2109                                                     
 
 THE ELTSET edel                             HAS          0 ELEMENTS            
rmpoint element eltset,get,edel                                                 
 Dudded          0 points plus parents, and           0 elements removed.       
rmpoint compress                                                                
         0 points removed and          0 elements removed.                      
RMPOINT: new point count is            7                                        
RMPOINT: new element count is          5                                        
resetpts itp                                                                    
geniee                                                                          
finish                                                                          
eltset/edel/delete                                                              
 
 ELTSET edel                             DELETED                                
 
intersect_elements/mohex2/FRACTURE2109/if_int                                   
cmo/select/mohex2                                                               
finish                                                                          
kdtree/build                                                                    
cmo/addatt//v2/INT/scalar/scalar/constant/temporary//2.0                        
finish                                                                          
cmo/addatt//linkt/VINT/v2/nelements//temporary/x/0.0                            
finish                                                                          
cmo/addatt//v12/INT/scalar/scalar/constant/temporary//12.0                      
finish                                                                          
cmo/addatt//sbox/VDOUBLE/v12/nelements/linear/temporary/x/0.0                   
finish                                                                          
finish                                                                          
cmo/addatt/mohex2/if_int/VINT/scalar/nelements/linear/permanent//0/             
finish                                                                          
 
         Element    Elems Searched  Elements Found  Percent Done                
              1               16              3        5 %                      
              5               76             10    Total Done                   
 
cmo/select/mohex2                                                               
finish                                                                          
kdtree/release                                                                  
cmo/DELATT/mohex2/sbox                                                          
finish                                                                          
cmo/DELATT/mohex2/v12                                                           
finish                                                                          
cmo/DELATT/mohex2/linkt                                                         
finish                                                                          
cmo/DELATT/mohex2/v2                                                            
finish                                                                          
finish                                                                          
eltset/erefine/if_int/ne/0                                                      
 
 THE ELTSET erefine                          HAS         10 ELEMENTS            
pset/pinter/eltset erefine                                                      
 
 THE PSET  pinter  HAS         36 POINTS                                        
cmo/create/temp2109                                                             
cmo/copy/temp2109/mohex2                                                        
     Released Mesh Object: temp2109                                             
cmo/select/temp2109                                                             
pset/pdel/if_int/1 0 0/eq/0                                                     
 
 THE PSET  pdel  HAS          0 POINTS                                          
rmpoint,pset,get,pdel                                                           
 Dudded          0 points plus parents, there are no elements in mesh.          
rmpoint compress                                                                
         0 points removed and          0 elements removed.                      
RMPOINT: new point count is       277453                                        
RMPOINT: new element count is     168853                                        
resetpts itp                                                                    
geniee                                                                          
finish                                                                          
pset/pdel/delete                                                                
 
 PSET pdel     DELETED                                                          
 
eltset/edel/if_int/eq/0                                                         
 
 THE ELTSET edel                             HAS     168843 ELEMENTS            
rmpoint element eltset,get,edel                                                 
 Dudded     277417 points plus parents, and      168843 elements removed.       
rmpoint compress                                                                
    277417 points removed and          0 elements removed.                      
RMPOINT: new point count is           36                                        
RMPOINT: new element count is         10                                        
resetpts itp                                                                    
geniee                                                                          
finish                                                                          
eltset/edel/delete                                                              
 
 ELTSET edel                             DELETED                                
 
cmo/setatt/temp2109/itetclr/1 0 0/2109                                          
        10 values reset for attribute itetclr                                   
 
cmo/setatt/temp2109/imt/1 0 0/2109                                              
        36 values reset for attribute imt1                                      
 
cmo/create/TETCOPY                                                              
cmo/copy/TETCOPY/MOTET                                                          
     Released Mesh Object: TETCOPY                                              
cmo/select/TETCOPY                                                              
interpolate/map/TETCOPY/itetclr/1 0 0/temp2109/itetclr                          
elements in indexed set  =    3558468                                           
 
INTRP METHOD:        map   FUNCTION:       user                                 
      TIEBREAKER:     maxtie   FLAG:      plus1  0.211000000000E+04             
 
cmo select temp2109                                                             
finish                                                                          
cmo kdtree build                                                                
cmo/addatt//v2/INT/scalar/scalar/constant/temporary//2.0                        
finish                                                                          
cmo/addatt//linkt/VINT/v2/nelements//temporary/x/0.0                            
finish                                                                          
cmo/addatt//v12/INT/scalar/scalar/constant/temporary//12.0                      
finish                                                                          
cmo/addatt//sbox/VDOUBLE/v12/nelements/linear/temporary/x/0.0                   
finish                                                                          
finish                                                                          
cmo setatt temp2109 idebug/0                                                    
         1 values reset for attribute idebug                                    
 
finish                                                                          
 
Build kdtree done - assign the enclosing element for each.                      
 
 
     Sink point   Elems Searched  Elements Found  Percent Done                  
 
          71170                1              1        2 %                      
         142339                2              2        4 %                      
         213508                2              2        6 %                      
         284677                2              2        8 %                      
         355846                5              5       10 %                      
         427015                5              5       12 %                      
         498184                5              5       14 %                      
         569353                5              5       16 %                      
         640522                7              7       18 %                      
         711691                7              7       20 %                      
         782860                7              7       22 %                      
         854029               15             15       24 %                      
         925198               15             15       26 %                      
         996367               15             15       28 %                      
        1067536               21             21       30 %                      
        1138705               21             21       32 %                      
        1209874               21             21       34 %                      
        1281043               24             24       36 %                      
        1352212               24             24       38 %                      
        1423381               24             24       40 %                      
        1494550               29             29       42 %                      
        1565719               29             29       44 %                      
        1636888               29             29       46 %                      
        1708057               29             29       48 %                      
        1779226               31             31       50 %                      
        1850395               31             31       52 %                      
        1921564               31             31       54 %                      
        1992733               36             36       56 %                      
        2063902               36             36       58 %                      
        2135071               36             36       60 %                      
        2206240               38             38       62 %                      
        2277409               38             38       64 %                      
        2348578               38             38       66 %                      
        2419747               41             41       68 %                      
        2490916               41             41       70 %                      
        2562085               41             41       72 %                      
        2633254               43             43       74 %                      
        2704423               43             43       76 %                      
        2775592               43             43       78 %                      
        2846761               45             45       80 %                      
        2917930               45             45       82 %                      
        2989099               46             46       84 %                      
        3060268               46             46       86 %                      
        3131437               46             46       88 %                      
        3202606               52             52       90 %                      
        3273775               52             52       92 %                      
        3344944               54             54       94 %                      
        3416113               54             54       96 %                      
        3487282               54             54       98 %                      
        3558451               58             58      100 %                      
        3558468               58             58       100%                      
 
Total Source Elements:                      10                                  
Total Sink   Centroids:                3558468                                  
 
WARNING: Sink points not inside source grid:                  3558410           
Outside sink points flagged with value:                       2110.00           
 
interpolate/map done.                                                           
 
cmo select TETCOPY                                                              
finish                                                                          
cmo kdtree release                                                              
cmo/DELATT/temp2109/sbox                                                        
finish                                                                          
cmo/DELATT/temp2109/v12                                                         
finish                                                                          
cmo/DELATT/temp2109/linkt                                                       
finish                                                                          
cmo/DELATT/temp2109/v2                                                          
finish                                                                          
finish                                                                          
compute/distance_field/TETCOPY/temp2109/dfield                                  
cmo/addatt/TETCOPY/temp_tmp_var/VDOUBLE/scalar/nnodes/linear/temporary//-1.0    
finish                                                                          
cmo/addatt/TETCOPY/xobj_tmp_var/VDOUBLE/scalar/nnodes/linear/temporary//-1.0    
finish                                                                          
cmo/addatt/TETCOPY/yobj_tmp_var/VDOUBLE/scalar/nnodes/linear/temporary//-1.0    
finish                                                                          
cmo/addatt/TETCOPY/zobj_tmp_var/VDOUBLE/scalar/nnodes/linear/temporary//-1.0    
finish                                                                          
cmo/addatt/TETCOPY/dfield/VDOUBLE/scalar/nnodes/linear/permanent//-1.0          
finish                                                                          
interpolate/voronoi/TETCOPY/xobj_tmp_var/1 0 0/temp2109/xic/keepatt             
nodes in indexed point set  =     622033                                        
cmo/addatt/TETCOPY/pt_gtg/VINT/scalar/nnodes//permanent/agfx/0                  
finish                                                                          
 
INTRP METHOD:    voronoi   FUNCTION:     linear                                 
      TIEBREAKER:     maxtie   FLAG:      plus1 -0.124990000000E+05             
 
pt_gtg attribute will be added and kept.                                        
 
Build kdtree0 done - assign nearest node for each.                              
 
 
     Sink point   Points Searched   Points Found  Percent Done                  
 
          12442            12442          12442        2 %                      
          24883            24883          24883        4 %                      
          37324            37324          37324        6 %                      
          49765            49765          49765        8 %                      
          62206            62206          62206       10 %                      
          74647            74647          74647       12 %                      
          87088            87088          87088       14 %                      
          99529            99529          99529       16 %                      
         111970           111970         111970       18 %                      
         124411           124411         124411       20 %                      
         136852           136872         136852       22 %                      
         149293           149381         149293       24 %                      
         161734           162051         161734       26 %                      
         174175           175239         174175       28 %                      
         186616           187988         186616       30 %                      
         199057           200634         199057       32 %                      
         211498           213300         211498       34 %                      
         223939           226069         223939       36 %                      
         236380           238893         236380       38 %                      
         248821           251548         248821       40 %                      
         261262           263993         261262       42 %                      
         273703           276438         273703       44 %                      
         286144           288883         286144       46 %                      
         298585           301328         298585       48 %                      
         311026           313773         311026       50 %                      
         323467           326218         323467       52 %                      
         335908           338663         335908       54 %                      
         348349           351108         348349       56 %                      
         360790           363553         360790       58 %                      
         373231           375998         373231       60 %                      
         385672           388443         385672       62 %                      
         398113           400888         398113       64 %                      
         410554           413333         410554       66 %                      
         422995           425778         422995       68 %                      
         435436           438223         435436       70 %                      
         447877           450668         447877       72 %                      
         460318           463113         460318       74 %                      
         472759           475558         472759       76 %                      
         485200           488003         485200       78 %                      
         497641           500448         497641       80 %                      
         510082           512893         510082       82 %                      
         522523           525338         522523       84 %                      
         534964           537783         534964       86 %                      
         547405           550228         547405       88 %                      
         559846           562673         559846       90 %                      
         572287           575119         572287       92 %                      
         584728           587563         584728       94 %                      
         597169           600009         597169       96 %                      
         609610           612453         609610       98 %                      
         622033           624880         622033       100%                      
 
Total Source Nodes:                      36                                     
Total Sink   Nodes:                  622033                                     
 
 
interpolate/voronoi done.                                                       
 
cmo select TETCOPY                                                              
finish                                                                          
cmo kdtree release                                                              
finish                                                                          
finish                                                                          
interpolate/voronoi/TETCOPY/yobj_tmp_var/1 0 0/temp2109/yic/keepatt             
nodes in indexed point set  =     622033                                        
 
INTRP METHOD:    voronoi   FUNCTION:     linear                                 
      TIEBREAKER:     maxtie   FLAG:      plus1 -0.404990000000E+05             
 
SKIPPING POINT SEARCH... using lookup attribute pt_gtg                          
          12442            12442          12442        2 %                      
          24883            24883          24883        4 %                      
          37324            37324          37324        6 %                      
          49765            49765          49765        8 %                      
          62206            62206          62206       10 %                      
          74647            74647          74647       12 %                      
          87088            87088          87088       14 %                      
          99529            99529          99529       16 %                      
         111970           111970         111970       18 %                      
         124411           124411         124411       20 %                      
         136852           136852         136852       22 %                      
         149293           149293         149293       24 %                      
         161734           161734         161734       26 %                      
         174175           174175         174175       28 %                      
         186616           186616         186616       30 %                      
         199057           199057         199057       32 %                      
         211498           211498         211498       34 %                      
         223939           223939         223939       36 %                      
         236380           236380         236380       38 %                      
         248821           248821         248821       40 %                      
         261262           261262         261262       42 %                      
         273703           273703         273703       44 %                      
         286144           286144         286144       46 %                      
         298585           298585         298585       48 %                      
         311026           311026         311026       50 %                      
         323467           323467         323467       52 %                      
         335908           335908         335908       54 %                      
         348349           348349         348349       56 %                      
         360790           360790         360790       58 %                      
         373231           373231         373231       60 %                      
         385672           385672         385672       62 %                      
         398113           398113         398113       64 %                      
         410554           410554         410554       66 %                      
         422995           422995         422995       68 %                      
         435436           435436         435436       70 %                      
         447877           447877         447877       72 %                      
         460318           460318         460318       74 %                      
         472759           472759         472759       76 %                      
         485200           485200         485200       78 %                      
         497641           497641         497641       80 %                      
         510082           510082         510082       82 %                      
         522523           522523         522523       84 %                      
         534964           534964         534964       86 %                      
         547405           547405         547405       88 %                      
         559846           559846         559846       90 %                      
         572287           572287         572287       92 %                      
         584728           584728         584728       94 %                      
         597169           597169         597169       96 %                      
         609610           609610         609610       98 %                      
         622033           622033         622033       100%                      
 
Total Source Nodes:                      36                                     
Total Sink   Nodes:                  622033                                     
 
 
interpolate/voronoi done.                                                       
 
cmo select TETCOPY                                                              
finish                                                                          
cmo kdtree release                                                              
finish                                                                          
finish                                                                          
interpolate/voronoi/TETCOPY/zobj_tmp_var/1 0 0/temp2109/zic                     
nodes in indexed point set  =     622033                                        
 
INTRP METHOD:    voronoi   FUNCTION:     linear                                 
      TIEBREAKER:     maxtie   FLAG:      plus1  0.110010000000E+05             
 
SKIPPING POINT SEARCH... using lookup attribute pt_gtg                          
          12442            12442          12442        2 %                      
          24883            24883          24883        4 %                      
          37324            37324          37324        6 %                      
          49765            49765          49765        8 %                      
          62206            62206          62206       10 %                      
          74647            74647          74647       12 %                      
          87088            87088          87088       14 %                      
          99529            99529          99529       16 %                      
         111970           111970         111970       18 %                      
         124411           124411         124411       20 %                      
         136852           136852         136852       22 %                      
         149293           149293         149293       24 %                      
         161734           161734         161734       26 %                      
         174175           174175         174175       28 %                      
         186616           186616         186616       30 %                      
         199057           199057         199057       32 %                      
         211498           211498         211498       34 %                      
         223939           223939         223939       36 %                      
         236380           236380         236380       38 %                      
         248821           248821         248821       40 %                      
         261262           261262         261262       42 %                      
         273703           273703         273703       44 %                      
         286144           286144         286144       46 %                      
         298585           298585         298585       48 %                      
         311026           311026         311026       50 %                      
         323467           323467         323467       52 %                      
         335908           335908         335908       54 %                      
         348349           348349         348349       56 %                      
         360790           360790         360790       58 %                      
         373231           373231         373231       60 %                      
         385672           385672         385672       62 %                      
         398113           398113         398113       64 %                      
         410554           410554         410554       66 %                      
         422995           422995         422995       68 %                      
         435436           435436         435436       70 %                      
         447877           447877         447877       72 %                      
         460318           460318         460318       74 %                      
         472759           472759         472759       76 %                      
         485200           485200         485200       78 %                      
         497641           497641         497641       80 %                      
         510082           510082         510082       82 %                      
         522523           522523         522523       84 %                      
         534964           534964         534964       86 %                      
         547405           547405         547405       88 %                      
         559846           559846         559846       90 %                      
         572287           572287         572287       92 %                      
         584728           584728         584728       94 %                      
         597169           597169         597169       96 %                      
         609610           609610         609610       98 %                      
         622033           622033         622033       100%                      
 
Total Source Nodes:                      36                                     
Total Sink   Nodes:                  622033                                     
 
 
interpolate/voronoi done.                                                       
 
cmo DELATT TETCOPY/pt_gtg                                                       
finish                                                                          
cmo select TETCOPY                                                              
finish                                                                          
cmo kdtree release                                                              
finish                                                                          
finish                                                                          
math/sub/TETCOPY/temp_tmp_var/1,0,0/TETCOPY/xic/TETCOPY/xobj_tmp_var            
finish                                                                          
math/power/TETCOPY/dfield/1,0,0/TETCOPY/temp_tmp_var/2.0                        
finish                                                                          
math/sub/TETCOPY/temp_tmp_var/1,0,0/TETCOPY/yic/TETCOPY/yobj_tmp_var            
finish                                                                          
math/power/TETCOPY/temp_tmp_var/1,0,0/TETCOPY/temp_tmp_var/2.0                  
finish                                                                          
math/add/TETCOPY/dfield/1 0 0/TETCOPY/dfield/TETCOPY/temp_tmp_var               
finish                                                                          
math/sub/TETCOPY/temp_tmp_var/1,0,0/TETCOPY/zic/TETCOPY/zobj_tmp_var            
finish                                                                          
math/power/TETCOPY/temp_tmp_var/1,0,0/TETCOPY/temp_tmp_var/2.0                  
finish                                                                          
math/add/TETCOPY/dfield/1 0 0/TETCOPY/dfield/TETCOPY/temp_tmp_var               
finish                                                                          
math/power/TETCOPY/dfield/1,0,0/TETCOPY/dfield/0.5                              
finish                                                                          
cmo/delatt/TETCOPY/temp_tmp_var                                                 
finish                                                                          
cmo/delatt/TETCOPY/xobj_tmp_var                                                 
finish                                                                          
cmo/delatt/TETCOPY/yobj_tmp_var                                                 
finish                                                                          
cmo/delatt/TETCOPY/zobj_tmp_var                                                 
finish                                                                          
COMPUTE distance_field: Done.                                                   
cmo/select/TETCOPY                                                              
pset/pfrac/attribute/dfield/1 0 0/le/1.e-8                                      
 
 THE PSET  pfrac  HAS         36 POINTS                                         
cmo/setatt/TETCOPY/imt/1 0 0/2149                                               
    622033 values reset for attribute imt1                                      
 
cmo/setatt/TETCOPY/imt/pset get pfrac/2109                                      
        36 values reset for attribute imt1                                      
 
cmo/set_id/MOTET_np1/element/id_cell                                            
cmo/addatt/MOTET_np1 id_cell/VINT/scalar/nelements/linear/permanent//0          
finish                                                                          
cmo/set_id/MOTET_np1/node/id_vertex                                             
cmo/addatt/MOTET_np1 id_vertex/VINT/scalar/nnodes/linear/permanent//0           
finish                                                                          
extract/plane/ptnorm/-13105.65055 -41067.69739 -4774.512828/0.253978871689098 0.
930006725953583 -0.265673149596698/1 0 0/moext/MOTET_np1                        
cmo/status/brief                                                                
 
The current-mesh-object(CMO) is: moext                                          
 
  1 Mesh Object name: mohex2                                                    
    number of nodes =        277453        number of elements =       168853    
    dimensions geometry =         3        element type =                hex    
    dimensions topology =         3        8 nodes      6 faces     12 edges    
    boundary flag =        16000000        status =                 inactive    
 
  2 Mesh Object name: MOTET_np1                                                 
    number of nodes =       2190827        number of elements =     12758441    
    dimensions geometry =         3        element type =                tet    
    dimensions topology =         3        4 nodes      4 faces      6 edges    
    boundary flag =        78000000        status =                 inactive    
 
  3 Mesh Object name: MOTET                                                     
    number of nodes =        622033        number of elements =      3558468    
    dimensions geometry =         3        element type =                tet    
    dimensions topology =         3        4 nodes      4 faces      6 edges    
    boundary flag =        22000000        status =                 inactive    
 
  4 Mesh Object name: MODFN                                                     
    number of nodes =         17092        number of elements =        12796    
    dimensions geometry =         3        element type =                tri    
    dimensions topology =         2        3 nodes      3 faces      3 edges    
    boundary flag =        16000000        status =                 inactive    
 
  5 Mesh Object name: FRACTURE2109                                              
    number of nodes =             7        number of elements =            5    
    dimensions geometry =         3        element type =                tri    
    dimensions topology =         2        3 nodes      3 faces      3 edges    
    boundary flag =        16000000        status =                 inactive    
 
  6 Mesh Object name: temp2109                                                  
    number of nodes =            36        number of elements =           10    
    dimensions geometry =         3        element type =                hex    
    dimensions topology =         3        8 nodes      6 faces     12 edges    
    boundary flag =        16000000        status =                 inactive    
 
  7 Mesh Object name: TETCOPY                                                   
    number of nodes =        622033        number of elements =      3558468    
    dimensions geometry =         3        element type =                tet    
    dimensions topology =         3        4 nodes      4 faces      6 edges    
    boundary flag =        22000000        status =                 inactive    
 
  8 Mesh Object name: moext                                                     
    number of nodes =         31722        number of elements =        48458    
    dimensions geometry =         3        element type =                hyb    
    dimensions topology =         2       10 nodes     10 faces     12 edges    
    boundary flag =       306000000        status =                   active    
 
 
createpts/median                                                                
cmo/addatt//xmed/VDOUBLE/scalar/nelements///gal/0.                              
finish                                                                          
cmo/addatt//ymed/VDOUBLE/scalar/nelements///gal/0.                              
finish                                                                          
cmo/addatt//zmed/VDOUBLE/scalar/nelements///gal/0.                              
finish                                                                          
cmo/DELATT/moext/id_cell                                                        
cmo/DELATT/moext/id_parent                                                      
DELATT no action, attribute does not exist: id_parent                           
dump/avs2/ex_xyz2109.table/moext 0 0 0 1                                        
WARNING: dump/avs  iopt_points=    0                                            
WARNING: dump/avs  iopt_elements=    0                                          
WARNING: dump/avs  iopt_values_node=    0                                       
WARNING: dump/avs  iopt_values_elem=    1                                       
WARNING: dump/avs  will produce non-standard AVS output that                    
WARNING: read/avs may not be able to read.                                      
cmo/modatt/-def-/-def-/ioflag/x                                                 
finish                                                                          
cmo/addatt/moext/volume/area_tri                                                
ADDATT/volume: creating new attribute: area_tri                                 
cmo/DELATT/moext/xmed                                                           
cmo/DELATT/moext/ymed                                                           
cmo/DELATT/moext/zmed                                                           
dump/avs2/ex_area2109.table/moext 0 0 0 1                                       
WARNING: dump/avs  iopt_points=    0                                            
WARNING: dump/avs  iopt_elements=    0                                          
WARNING: dump/avs  iopt_values_node=    0                                       
WARNING: dump/avs  iopt_values_elem=    1                                       
WARNING: dump/avs  will produce non-standard AVS output that                    
WARNING: read/avs may not be able to read.                                      
cmo/modatt/-def-/-def-/ioflag/x                                                 
finish                                                                          
cmo/delete/moext                                                                
     Released Mesh Object: moext                                                
cmo/select/TETCOPY                                                              
cmo/DELATT/TETCOPY/icr1                                                         
cmo/DELATT/TETCOPY/itp1                                                         
cmo/DELATT/TETCOPY/isn1                                                         
dump/avs2/frac2109.inp/TETCOPY                                                  
cmo/modatt/-def-/-def-/ioflag/x                                                 
finish                                                                          
cmo/delete/temp2109                                                             
     Released Mesh Object: temp2109                                             
cmo/delete/TETCOPY                                                              
     Released Mesh Object: TETCOPY                                              
cmo/select/mohex2                                                               
cmo/setatt/mohex2/itetclr/eltset get erefine/2109                               
        10 values reset for attribute itetclr                                   
 
cmo/setatt/mohex2/imt/pset get pinter/2109                                      
        36 values reset for attribute imt1                                      
 
eltset/erefine/delete                                                           
 
 ELTSET erefine                          DELETED                                
 
pset/pinter/delete                                                              
 
 PSET pinter   DELETED                                                          
 
cmo/DELATT/mohex2/if_int                                                        
cmo/delete/FRACTURE2109                                                         
     Released Mesh Object: FRACTURE2109                                         
finish                                                                          
LaGriT successfully completed                                                   
