 
 
*               * * * * * * * * * * * * * * * * * * * * * * * *                 
*               *                                             *                 
*               *    Program:  LaGriT V3.3.4   Linux          *                 
*               *    Compiler Name: GNU                       *                 
*               *    Compiler Version: 13.3.0                 *                 
*               *    Date Compile: 2025/02/05                 *                 
*               *    Run Time: 2025/Mar  6  06:19:07          *                 
*               *    Manual:   https://lagrit.lanl.gov        *                 
*               *                                             *                 
*               * * * * * * * * * * * * * * * * * * * * * * * *                 
 
                               -----oOo-----                                    
             LaGriT V3 LA-CC-15-069  https://github.com/lanl/LaGriT             
  Copyright 2016. Triad National Security, LLC.  All rights reserved. This      
  program was produced under U.S. Government contract 89233218CNA000001         
  for Los Alamos National Laboratory (LANL), which is operated by Triad         
  National Security, LLC for the U.S. Department of Energy/National Nuclear     
  Security Administration.  All rights in the program are reserved by Triad     
  National Security, LLC, and the U.S. Department of Energy/National Nuclear    
  Security Administration. The Government is granted for itself and others      
  acting on its behalf a nonexclusive, paid-up, irrevocable worldwide license   
  in this material to reproduce, prepare derivative works, distribute copies    
  to the public, perform publicly and display publicly, and to permit others to 
  do so. This software is open source and available under the BSD-3 License.    
                               -----oOo-----                                    
 
 
Output log file: lagrit_logs/driver1481.out                                     
Command log file: lagrit_logs/driver1481.log                                    
 
read/avs/ex_xyz1481_2.inp/mo_vertex                                             
cmo/status/brief                                                                
 
The current-mesh-object(CMO) is: mo_vertex                                      
 
  1 Mesh Object name: mo_vertex                                                 
    number of nodes =         10178        number of elements =            0    
    dimensions geometry =         3        element type =                tet    
    dimensions topology =         3        4 nodes      4 faces      6 edges    
    boundary flag =        16000000        status =                   active    
 
 
finish                                                                          
cmo/addatt/mo_vertex/area_tri/vdouble/scalar/nnodes                             
cmo/readatt/mo_vertex/area_tri/1 0 0/ex_area1481_2.table                        
readatt: reading     1 values from each line.                                   
readatt filling attribute:       1  area_tri                                    
cmo/status/mo_vertex brief                                                      
 
The current-mesh-object(CMO) is: mo_vertex                                      
 
  1 Mesh Object name: mo_vertex                                                 
    number of nodes =         10178        number of elements =            0    
    dimensions geometry =         3        element type =                tet    
    dimensions topology =         3        4 nodes      4 faces      6 edges    
    boundary flag =        16000000        status =                   active    
 
 
finish                                                                          
File values used:     1 out of     1 from each line.                            
File values written to     1 out of     1 attributes.                           
END readatt: reading     1 values from           10178 lines.                   
read/avs/frac1481.inp/frac                                                      
cmo/addatt/frac/dfield/VDOUBLE/scalar/nnodes/linear/permanent/gxaf/0.0          
finish                                                                          
geniee                                                                          
finish                                                                          
cmo/status/brief                                                                
 
The current-mesh-object(CMO) is: frac                                           
 
  1 Mesh Object name: mo_vertex                                                 
    number of nodes =         10178        number of elements =            0    
    dimensions geometry =         3        element type =                tet    
    dimensions topology =         3        4 nodes      4 faces      6 edges    
    boundary flag =        16000000        status =                 inactive    
 
  2 Mesh Object name: frac                                                      
    number of nodes =        622033        number of elements =      3558468    
    dimensions geometry =         3        element type =                tet    
    dimensions topology =         3        4 nodes      4 faces      6 edges    
    boundary flag =        22000000        status =                   active    
 
 
finish                                                                          
cmo/addatt/frac/area_sum/vdouble/scalar/nnodes                                  
upscale/sum/frac,area_sum/1 0 0/mo_vertex,area_tri                              
cmo/addatt/mo_vertex/pt_gtg/VINT/scalar/nnodes//permanent/agfx/0                
finish                                                                          
cmo/addatt/mo_vertex/dups_gtg/VINT/scalar/nnodes//permanent/agfx/0              
finish                                                                          
 
UPSCALE METHOD:        sum                                                      
       options:     delatt  multiple    set_id                                  
      622033  Sink Nodes of area_sum in course mesh: frac                       
       10178  Source Nodes of area_tri in fine mesh: mo_vertex                  
 
  Source Nodes    Percent Done                                                  
            205        2 %                                                      
            409        4 %                                                      
            613        6 %                                                      
            817        8 %                                                      
           1021       10 %                                                      
           1225       12 %                                                      
           1429       14 %                                                      
           1633       16 %                                                      
           1837       18 %                                                      
           2041       20 %                                                      
           2245       22 %                                                      
           2449       24 %                                                      
           2653       26 %                                                      
           2857       28 %                                                      
           3061       30 %                                                      
           3265       32 %                                                      
           3469       34 %                                                      
           3673       36 %                                                      
           3877       38 %                                                      
           4081       40 %                                                      
           4285       42 %                                                      
           4489       44 %                                                      
           4693       46 %                                                      
           4897       48 %                                                      
           5101       50 %                                                      
           5305       52 %                                                      
           5509       54 %                                                      
           5713       56 %                                                      
           5917       58 %                                                      
           6121       60 %                                                      
           6325       62 %                                                      
           6529       64 %                                                      
           6733       66 %                                                      
           6937       68 %                                                      
           7141       70 %                                                      
           7345       72 %                                                      
           7549       74 %                                                      
           7753       76 %                                                      
           7957       78 %                                                      
           8161       80 %                                                      
           8365       82 %                                                      
           8569       84 %                                                      
           8773       86 %                                                      
           8977       88 %                                                      
           9181       90 %                                                      
           9385       92 %                                                      
           9589       94 %                                                      
           9793       96 %                                                      
           9997       98 %                                                      
          10178 Total source nodes searched.                                    
           1579 sink nodes out of            622033 assigned values.            
          10178 source nodes out of           10178 used as source values.      
UPSCALE/sum/ from area_tri to area_sum Done.                                    
 
cmo DELATT mo_vertex/pt_gtg                                                     
finish                                                                          
cmo DELATT mo_vertex/dups_gtg                                                   
finish                                                                          
cmo select frac                                                                 
finish                                                                          
cmo kdtree release                                                              
finish                                                                          
cmo/DELATT/frac/itp1                                                            
cmo/DELATT/frac/icr1                                                            
cmo/DELATT/frac/isn1                                                            
cmo/DELATT/frac/dfield                                                          
dump/avs/area_sum1481.table/frac/0 0 2 0                                        
WARNING: dump/avs  iopt_points=    0                                            
WARNING: dump/avs  iopt_elements=    0                                          
WARNING: dump/avs  iopt_values_node=    2                                       
WARNING: dump/avs  iopt_values_elem=    0                                       
WARNING: dump/avs  will produce non-standard AVS output that                    
WARNING: read/avs may not be able to read.                                      
cmo/modatt/-def-/-def-/ioflag/x                                                 
finish                                                                          
cmo/delete/mo_vertex                                                            
     Released Mesh Object: mo_vertex                                            
cmo/delete/frac                                                                 
     Released Mesh Object: frac                                                 
finish                                                                          
LaGriT successfully completed                                                   
