 
 
*               * * * * * * * * * * * * * * * * * * * * * * * *                 
*               *                                             *                 
*               *    Program:  LaGriT V3.3.4   Linux          *                 
*               *    Compiler Name: GNU                       *                 
*               *    Compiler Version: 13.3.0                 *                 
*               *    Date Compile: 2025/02/05                 *                 
*               *    Run Time: 2025/Mar  6  06:33:41          *                 
*               *    Manual:   https://lagrit.lanl.gov        *                 
*               *                                             *                 
*               * * * * * * * * * * * * * * * * * * * * * * * *                 
 
                               -----oOo-----                                    
             LaGriT V3 LA-CC-15-069  https://github.com/lanl/LaGriT             
  Copyright 2016. Triad National Security, LLC.  All rights reserved. This      
  program was produced under U.S. Government contract 89233218CNA000001         
  for Los Alamos National Laboratory (LANL), which is operated by Triad         
  National Security, LLC for the U.S. Department of Energy/National Nuclear     
  Security Administration.  All rights in the program are reserved by Triad     
  National Security, LLC, and the U.S. Department of Energy/National Nuclear    
  Security Administration. The Government is granted for itself and others      
  acting on its behalf a nonexclusive, paid-up, irrevocable worldwide license   
  in this material to reproduce, prepare derivative works, distribute copies    
  to the public, perform publicly and display publicly, and to permit others to 
  do so. This software is open source and available under the BSD-3 License.    
                               -----oOo-----                                    
 
 
Output log file: lagrit_logs/driver1826.out                                     
Command log file: lagrit_logs/driver1826.log                                    
 
read/avs/ex_xyz1826_2.inp/mo_vertex                                             
cmo/status/brief                                                                
 
The current-mesh-object(CMO) is: mo_vertex                                      
 
  1 Mesh Object name: mo_vertex                                                 
    number of nodes =        104466        number of elements =            0    
    dimensions geometry =         3        element type =                tet    
    dimensions topology =         3        4 nodes      4 faces      6 edges    
    boundary flag =        16000000        status =                   active    
 
 
finish                                                                          
cmo/addatt/mo_vertex/area_tri/vdouble/scalar/nnodes                             
cmo/readatt/mo_vertex/area_tri/1 0 0/ex_area1826_2.table                        
readatt: reading     1 values from each line.                                   
readatt filling attribute:       1  area_tri                                    
cmo/status/mo_vertex brief                                                      
 
The current-mesh-object(CMO) is: mo_vertex                                      
 
  1 Mesh Object name: mo_vertex                                                 
    number of nodes =        104466        number of elements =            0    
    dimensions geometry =         3        element type =                tet    
    dimensions topology =         3        4 nodes      4 faces      6 edges    
    boundary flag =        16000000        status =                   active    
 
 
finish                                                                          
File values used:     1 out of     1 from each line.                            
File values written to     1 out of     1 attributes.                           
END readatt: reading     1 values from          104466 lines.                   
read/avs/frac1826.inp/frac                                                      
cmo/addatt/frac/dfield/VDOUBLE/scalar/nnodes/linear/permanent/gxaf/0.0          
finish                                                                          
geniee                                                                          
finish                                                                          
cmo/status/brief                                                                
 
The current-mesh-object(CMO) is: frac                                           
 
  1 Mesh Object name: mo_vertex                                                 
    number of nodes =        104466        number of elements =            0    
    dimensions geometry =         3        element type =                tet    
    dimensions topology =         3        4 nodes      4 faces      6 edges    
    boundary flag =        16000000        status =                 inactive    
 
  2 Mesh Object name: frac                                                      
    number of nodes =        622033        number of elements =      3558468    
    dimensions geometry =         3        element type =                tet    
    dimensions topology =         3        4 nodes      4 faces      6 edges    
    boundary flag =        22000000        status =                   active    
 
 
finish                                                                          
cmo/addatt/frac/area_sum/vdouble/scalar/nnodes                                  
upscale/sum/frac,area_sum/1 0 0/mo_vertex,area_tri                              
cmo/addatt/mo_vertex/pt_gtg/VINT/scalar/nnodes//permanent/agfx/0                
finish                                                                          
cmo/addatt/mo_vertex/dups_gtg/VINT/scalar/nnodes//permanent/agfx/0              
finish                                                                          
 
UPSCALE METHOD:        sum                                                      
       options:     delatt  multiple    set_id                                  
      622033  Sink Nodes of area_sum in course mesh: frac                       
      104466  Source Nodes of area_tri in fine mesh: mo_vertex                  
 
  Source Nodes    Percent Done                                                  
           2090        2 %                                                      
           4179        4 %                                                      
           6268        6 %                                                      
           8357        8 %                                                      
          10446       10 %                                                      
          12535       12 %                                                      
          14624       14 %                                                      
          16713       16 %                                                      
          18802       18 %                                                      
          20891       20 %                                                      
          22980       22 %                                                      
          25069       24 %                                                      
          27158       26 %                                                      
          29247       28 %                                                      
          31336       30 %                                                      
          33425       32 %                                                      
          35514       34 %                                                      
          37603       36 %                                                      
          39692       38 %                                                      
          41781       40 %                                                      
          43870       42 %                                                      
          45959       44 %                                                      
          48048       46 %                                                      
          50137       48 %                                                      
          52226       50 %                                                      
          54315       52 %                                                      
          56404       54 %                                                      
          58493       56 %                                                      
          60582       58 %                                                      
          62671       60 %                                                      
          64760       62 %                                                      
          66849       64 %                                                      
          68938       66 %                                                      
          71027       68 %                                                      
          73116       70 %                                                      
          75205       72 %                                                      
          77294       74 %                                                      
          79383       76 %                                                      
          81472       78 %                                                      
          83561       80 %                                                      
          85650       82 %                                                      
          87739       84 %                                                      
          89828       86 %                                                      
          91917       88 %                                                      
          94006       90 %                                                      
          96095       92 %                                                      
          98184       94 %                                                      
         100273       96 %                                                      
         102362       98 %                                                      
         104451      100 %                                                      
         104466 Total source nodes searched.                                    
          11057 sink nodes out of            622033 assigned values.            
         104466 source nodes out of          104466 used as source values.      
UPSCALE/sum/ from area_tri to area_sum Done.                                    
 
cmo DELATT mo_vertex/pt_gtg                                                     
finish                                                                          
cmo DELATT mo_vertex/dups_gtg                                                   
finish                                                                          
cmo select frac                                                                 
finish                                                                          
cmo kdtree release                                                              
finish                                                                          
cmo/DELATT/frac/itp1                                                            
cmo/DELATT/frac/icr1                                                            
cmo/DELATT/frac/isn1                                                            
cmo/DELATT/frac/dfield                                                          
dump/avs/area_sum1826.table/frac/0 0 2 0                                        
WARNING: dump/avs  iopt_points=    0                                            
WARNING: dump/avs  iopt_elements=    0                                          
WARNING: dump/avs  iopt_values_node=    2                                       
WARNING: dump/avs  iopt_values_elem=    0                                       
WARNING: dump/avs  will produce non-standard AVS output that                    
WARNING: read/avs may not be able to read.                                      
cmo/modatt/-def-/-def-/ioflag/x                                                 
finish                                                                          
cmo/delete/mo_vertex                                                            
     Released Mesh Object: mo_vertex                                            
cmo/delete/frac                                                                 
     Released Mesh Object: frac                                                 
finish                                                                          
LaGriT successfully completed                                                   
