2025-03-01 18:50:30,320 INFO Initializing logfile: /dfnWorks/work/100_100_50_3fr_smNONE/faults.log
2025-03-01 18:50:30,320 INFO Starting at 2025-03-01 18:50:30.320505
2025-03-01 18:50:30,320 INFO 
===================================================================
===================================================================
===================================================================
||\    _____         \               / ______  _______       /  \ 
||  \  |     |\     | \             /  |    |  |     | | /  /    \ 
||   \ |___  | \    |  \    /\     /   |    |  |_____| |/   |  |  |
||   / |     |   \  |   \  /  \  /     |    |  |   \   |\    \  \ 
||  /  |     |     \|    \/    \/      |____|  |    \  | \ |  |  |
||/ ======================================================= \    /
============================================================  \/
===================================================================

Program: pydfnWorks v2.9.1 
Run time : 2025-03-01 18:50:30.320577

This program was prepared at Los Alamos National Laboratory (LANL),
Earth and Environmental Sciences Division, Computational Earth
Science Group (EES-16), Subsurface Flow and Transport Team.
All rights in the program are reserved by the DOE and LANL.
Permission is granted to the public to copy and use this software
without charge, provided that this Notice and any statement of
authorship are reproduced on all copies. Neither the U.S. Government
nor LANS makes any warranty, express or implied, or assumes
any liability or responsibility for the use of this software.

Contact Information : dfnworks@lanl.gov
~~~~~~~~~~~~~~~~~~~~~~~~~~~~~~~~~~~~~~~~~~~~~~~~~~~~~~~~~~~~~~~~~~~
~~~~~~~~~~~~~~~~~~~~~~~~~~~~~~~~~~~~~~~~~~~~~~~~~~~~~~~~~~~~~~~~~~~

LA-CC-17-027

~~~~~~~~~~~~~~~~~~~~~~~~~~~~~~~~~~~~~~~~~~~~~~~~~~~~~~~~~~~~~~~~~~~
~~~~~~~~~~~~~~~~~~~~~~~~~~~~~~~~~~~~~~~~~~~~~~~~~~~~~~~~~~~~~~~~~~~

(or copyright) 2018 Triad National Security, LLC. All rights reserved.
 
This program was produced under U.S. Government contract 89233218CNA000001
for Los Alamos National Laboratory (LANL), which is operated by Triad 
National Security, LLC for the U.S. Department of Energy/National Nuclear
Security Administration.

This is free software; you can redistribute it and/or modify it under the
terms of the GNU Lesser General Public License as published by the Free
Software Foundation; either version 3.0 of the License, or (at your option)
any later version. If software is modified to produce derivative works,
such modified software should be clearly marked, so as not to confuse it with
the version available from LANL.

All rights in the program are reserved by Triad National Security, LLC, 
and the U.S. Department of Energy/National Nuclear Security Administration.
The Government is granted for itself and others acting on its behalf a 
nonexclusive, paid-up, irrevocable worldwide license in this material 
to reproduce, prepare derivative works, distribute copies to the public,
perform publicly and display publicly, and to permit others to do so.

The U.S. Government has rights to use, reproduce, and distribute this software.  
NEITHER THE GOVERNMENT NOR TRIAD NATIONAL SECURITY, LLC MAKES ANY WARRANTY, 
EXPRESS OR IMPLIED, OR ASSUMES ANY LIABILITY FOR THE USE OF THIS SOFTWARE.  
If software is modified to  produce derivative works, such modified 
software should be clearly marked, so as not to confuse it with the 
version available from LANL.

Additionally, this program is free software; you can redistribute it and/or 
modify it under the terms of the GNU General Public License as published by the 
Free Software Foundation; either version 2 of the License, or (at your option) 
any later version. Accordingly, this program is distributed in the hope that it 
will be useful, but WITHOUT ANY WARRANTY; without even the implied warranty of 
MERCHANTABILITY or FITNESS FOR A PARTICULAR PURPOSE. See the GNU General Public 
License for more details.
 
Additionally, redistribution and use in source and binary forms, with or 
without modification, are permitted provided that the following conditions are 
met:
1.       Redistributions of source code must retain the above copyright notice, 
this list of conditions and the following disclaimer.

2.      Redistributions in binary form must reproduce the above copyright 
notice, this list of conditions and the following disclaimer in the 
documentation and/or other materials provided with the distribution.

3.      Neither the name of Los Alamos National Security, LLC, Los Alamos 
National Laboratory, LANL, the U.S. Government, nor the names of its 
contributors may be used to endorse or promote products derived from this 
software without specific prior written permission.
 
THIS SOFTWARE IS PROVIDED BY LOS ALAMOS NATIONAL SECURITY, LLC AND 
CONTRIBUTORS "AS IS" AND ANY EXPRESS OR IMPLIED WARRANTIES, INCLUDING, BUT NOT 
LIMITED TO, THE IMPLIED WARRANTIES OF MERCHANTABILITY AND FITNESS FOR A 
PARTICULAR PURPOSE ARE DISCLAIMED. IN NO EVENT SHALL LOS ALAMOS NATIONAL 
SECURITY, LLC OR CONTRIBUTORS BE LIABLE FOR ANY DIRECT, INDIRECT, INCIDENTAL, 
SPECIAL, EXEMPLARY, OR CONSEQUENTIAL DAMAGES (INCLUDING, BUT NOT LIMITED TO, 
PROCUREMENT OF SUBSTITUTE GOODS OR SERVICES; LOSS OF USE, DATA, OR PROFITS; OR 
BUSINESS INTERRUPTION) HOWEVER CAUSED AND ON ANY THEORY OF LIABILITY, WHETHER 
IN CONTRACT, STRICT LIABILITY, OR TORT (INCLUDING NEGLIGENCE OR OTHERWISE) 
ARISING IN ANY WAY OUT OF THE USE OF THIS SOFTWARE, EVEN IF ADVISED OF THE 
POSSIBILITY OF SUCH DAMAGE.

2025-03-01 18:50:30,320 INFO --> Creating DFN Object: Starting
2025-03-01 18:50:30,320 INFO --> Loading and checking dfnWorks dependency paths
2025-03-01 18:50:30,320 INFO dfnWorks paths:
2025-03-01 18:50:30,320 INFO ---------------
2025-03-01 18:50:30,320 INFO * dfnworks_PATH: /dfnWorks/bin/
2025-03-01 18:50:30,320 INFO * LAGRIT_EXE: /dfnWorks/bin/lagrit
2025-03-01 18:50:30,320 INFO * PETSC_DIR: /dfnWorks/lib/petsc
2025-03-01 18:50:30,320 INFO * PETSC_ARCH: arch-linux2-c-debug
2025-03-01 18:50:30,320 INFO * PFLOTRAN_EXE: /dfnWorks/bin/pflotran
2025-03-01 18:50:30,320 INFO * FEHM_EXE: /dfnWorks/bin/fehm

2025-03-01 18:50:30,320 INFO --> Loading and checking dfnWorks dependency paths successful
2025-03-01 18:50:30,321 INFO 
--> Creating DFN Object: Starting
2025-03-01 18:50:30,321 INFO ================================================================================

2025-03-01 18:50:30,321 INFO --> Jobname: /dfnWorks/work/100_100_50_3fr_smNONE/faults
2025-03-01 18:50:30,321 INFO --> Local Jobname: faults
2025-03-01 18:50:30,321 INFO --> Number of Processors Requested: 8
2025-03-01 18:50:30,321 INFO --> dfnGen filename : faults_dfnGen_input.dat
2025-03-01 18:50:30,321 INFO --> Local dfnGen filename : faults_dfnGen_input.dat
2025-03-01 18:50:30,321 INFO --> dfnFlow filename : /dfnWorks/work/100_100_50_3fr_smNONE/fehmn.files
2025-03-01 18:50:30,321 INFO --> Local dfnFlow filename : fehmn.files
2025-03-01 18:50:30,321 INFO ================================================================================

2025-03-01 18:50:30,321 INFO --> Creating DFN Object: Complete
2025-03-01 18:50:30,321 INFO --> User Fracture information
2025-03-01 18:50:30,321 INFO * Fracture Number 1 *
2025-03-01 18:50:30,321 INFO Name                                    Value
2025-03-01 18:50:30,321 INFO ----------------------------            ---------------
2025-03-01 18:50:30,321 INFO shape                                    rect
2025-03-01 18:50:30,321 INFO nPolygons                                1
2025-03-01 18:50:30,321 INFO filename                                 /dfnWorks/work/100_100_50_3fr_smNONE/faults/dfnGen_output/user_defined_rect.dat
2025-03-01 18:50:30,321 INFO Radii:                                   7500.0
2025-03-01 18:50:30,321 INFO Aspect_Ratio:                            1
2025-03-01 18:50:30,321 INFO Beta:                                    0
2025-03-01 18:50:30,321 INFO AngleOption:                             degree
2025-03-01 18:50:30,321 INFO Translation:                             [0, -15000, 2500.0]
2025-03-01 18:50:30,321 INFO userOrientationOption:                   0
2025-03-01 18:50:30,321 INFO Normal:                                  [0, 1, 0]
2025-03-01 18:50:30,321 INFO aperture                                 [0.0001]
2025-03-01 18:50:30,321 INFO transmissivity                           [None]
2025-03-01 18:50:30,321 INFO permeability                             [None]
2025-03-01 18:50:30,321 INFO hy_prop_type                             aperture
2025-03-01 18:50:30,321 INFO --> User Fracture information
2025-03-01 18:50:30,321 INFO * Fracture Number 1 *
2025-03-01 18:50:30,321 INFO Name                                    Value
2025-03-01 18:50:30,321 INFO ----------------------------            ---------------
2025-03-01 18:50:30,321 INFO shape                                    rect
2025-03-01 18:50:30,321 INFO nPolygons                                1
2025-03-01 18:50:30,321 INFO filename                                 /dfnWorks/work/100_100_50_3fr_smNONE/faults/dfnGen_output/user_defined_rect.dat
2025-03-01 18:50:30,321 INFO Radii:                                   7500.0
2025-03-01 18:50:30,321 INFO Aspect_Ratio:                            1
2025-03-01 18:50:30,321 INFO Beta:                                    0
2025-03-01 18:50:30,321 INFO AngleOption:                             degree
2025-03-01 18:50:30,321 INFO Translation:                             [0, 15000, 2500.0]
2025-03-01 18:50:30,321 INFO userOrientationOption:                   0
2025-03-01 18:50:30,321 INFO Normal:                                  [0, 1, 0]
2025-03-01 18:50:30,321 INFO aperture                                 [0.0001]
2025-03-01 18:50:30,321 INFO transmissivity                           [None]
2025-03-01 18:50:30,321 INFO permeability                             [None]
2025-03-01 18:50:30,321 INFO hy_prop_type                             aperture
2025-03-01 18:50:30,321 INFO --> User Fracture information
2025-03-01 18:50:30,321 INFO * Fracture Number 2 *
2025-03-01 18:50:30,321 INFO Name                                    Value
2025-03-01 18:50:30,321 INFO ----------------------------            ---------------
2025-03-01 18:50:30,321 INFO shape                                    rect
2025-03-01 18:50:30,322 INFO nPolygons                                1
2025-03-01 18:50:30,322 INFO filename                                 /dfnWorks/work/100_100_50_3fr_smNONE/faults/dfnGen_output/user_defined_rect.dat
2025-03-01 18:50:30,322 INFO Radii:                                   7500.0
2025-03-01 18:50:30,322 INFO Aspect_Ratio:                            1
2025-03-01 18:50:30,322 INFO Beta:                                    0
2025-03-01 18:50:30,322 INFO AngleOption:                             degree
2025-03-01 18:50:30,322 INFO Translation:                             [0, 0, 2500.0]
2025-03-01 18:50:30,322 INFO userOrientationOption:                   0
2025-03-01 18:50:30,322 INFO Normal:                                  [0, 1, 0]
2025-03-01 18:50:30,322 INFO aperture                                 [0.0001]
2025-03-01 18:50:30,322 INFO transmissivity                           [None]
2025-03-01 18:50:30,322 INFO permeability                             [None]
2025-03-01 18:50:30,322 INFO hy_prop_type                             aperture
2025-03-01 18:50:30,347 INFO Making subdirectory: dfnGen_output
2025-03-01 18:50:30,357 INFO Making subdirectory: dfnGen_output/radii
2025-03-01 18:50:30,374 INFO Making subdirectory: intersections
2025-03-01 18:50:30,395 INFO Making subdirectory: polys
2025-03-01 18:50:30,405 INFO Current directory is now: /dfnWorks/work/100_100_50_3fr_smNONE/faults
2025-03-01 18:50:30,405 INFO Jobname is /dfnWorks/work/100_100_50_3fr_smNONE/faults
2025-03-01 18:50:30,405 INFO ================================================================================
2025-03-01 18:50:30,405 INFO Checking Input File

2025-03-01 18:50:30,405 INFO Fracture Family order was not changed
2025-03-01 18:50:30,405 INFO --> Writing user defined rectangles to file /dfnWorks/work/100_100_50_3fr_smNONE/faults/dfnGen_output/user_defined_rect.dat
2025-03-01 18:50:30,424 INFO --> Clean output file name: dfnGen_output/faults_dfnGen_input_clean.dat
2025-03-01 18:50:30,424 INFO --> Checking General Parameters: Starting
2025-03-01 18:50:30,424 WARNING --> Warning while parsing input

Running with FRAM off. Mesh will not work for DFN flow and transport.
Be Careful out there

2025-03-01 18:50:30,424 WARNING --> Warning while parsing input

Running with FRAM off. Mesh will not work for DFN flow and transport.
Be Careful out there

2025-03-01 18:50:30,424 INFO --> Checking General Parameters: Complete
2025-03-01 18:50:30,424 INFO Converting angleOption value from degree to 1 for dfnGen input
2025-03-01 18:50:30,424 INFO --> Writing parameters to file dfnGen_output/faults_dfnGen_input_clean.dat
2025-03-01 18:50:30,452 INFO Checking Input File Complete
2025-03-01 18:50:30,452 INFO ================================================================================
2025-03-01 18:50:30,452 INFO --> Running DFNGEN
2025-03-01 18:50:30,452 INFO Running: >> /dfnWorks/bin/DFNGen dfnGen_output/faults_dfnGen_input_clean.dat /dfnWorks/work/100_100_50_3fr_smNONE/faults
2025-03-01 18:50:31,557 INFO -->Opening dfnGen LogFile...

2025-03-01 18:50:31,558 INFO [2025-03-01 18:50:30] INFO: Starting DFNGen
[2025-03-01 18:50:30] INFO: DFN Generator Input File: dfnGen_output/faults_dfnGen_input_clean.dat

[2025-03-01 18:50:30] INFO: 
FRAM IS DISABLED
[2025-03-01 18:50:30] INFO: Expecting Theta and phi for orientations
[2025-03-01 18:50:30] INFO: User Defined Rectangles File: /dfnWorks/work/100_100_50_3fr_smNONE/faults/dfnGen_output/user_defined_rect.dat
[2025-03-01 18:50:30] WARNING: Warning: You have defined stopCondition = 1 (P32 program stopping condition) but have no stochastic shape families defined. Automatically setting stopCondition to 0 for use with user defined polygons and nPoly.

[2025-03-01 18:50:30] INFO: h: 100.000000
[2025-03-01 18:50:30] INFO: 3 User Rectangles Defined
[2025-03-01 18:50:30] INFO: User Defined Rectangular Fracture 1 Accepted
[2025-03-01 18:50:30] INFO: User Defined Rectangular Fracture 2 Accepted
[2025-03-01 18:50:30] INFO: User Defined Rectangular Fracture 3 Accepted
[2025-03-01 18:50:30] INFO: ========================================================
[2025-03-01 18:50:30] INFO:             Network Generation Complete
[2025-03-01 18:50:30] INFO: ========================================================
[2025-03-01 18:50:30] INFO: Version of DFNGen: 2.2
[2025-03-01 18:50:30] INFO: Time Stamp: Sat Mar  1 18:50:30 2025

[2025-03-01 18:50:30] INFO: ________________________________________________________

[2025-03-01 18:50:30] INFO: Statistics Before Isolated Fractures Removed:

[2025-03-01 18:50:30] INFO: Fractures: 3
[2025-03-01 18:50:30] INFO: Truncated: 0

[2025-03-01 18:50:30] INFO: Total Surface Area:     1350000000.000000 m^2
[2025-03-01 18:50:30] INFO: Total Fracture Density   (P30): 0.000000
[2025-03-01 18:50:30] INFO: Total Fracture Intensity (P32): 0.000003
[2025-03-01 18:50:30] INFO: User Defined: 
[2025-03-01 18:50:30] INFO:     Surface Area: 1350000000.000000 m^2
[2025-03-01 18:50:30] INFO:     Fracture Intensity (P32): 0.000003

[2025-03-01 18:50:30] INFO: In cluster groups
[2025-03-01 18:50:30] INFO: Number of fractures: 3
[2025-03-01 18:50:30] INFO: Number of groups: 3
[2025-03-01 18:50:30] INFO: Number of fractures: 3[2025-03-01 18:50:30] INFO: ________________________________________________________

[2025-03-01 18:50:30] INFO: Statistics After Isolated Fractures Removed:
[2025-03-01 18:50:30] INFO: Final Number of Fractures: 3
[2025-03-01 18:50:30] INFO: Isolated Fractures Removed: 0
[2025-03-01 18:50:30] INFO: Fractures before isolated fractures removed:: 3

[2025-03-01 18:50:30] INFO: Total Surface Area:     1350000000.000000 m^2
[2025-03-01 18:50:30] INFO: Total Fracture Density   (P30): 0.000000
[2025-03-01 18:50:30] INFO: Total Fracture Intensity (P32): 0.000003
[2025-03-01 18:50:30] INFO: User Defined Shapes: 
[2025-03-01 18:50:30] INFO:     Surface Area: 1350000000.000000 m^2
[2025-03-01 18:50:30] INFO:     Fracture Intensity (P32): 0.000003

[2025-03-01 18:50:30] INFO: ________________________________________________________

[2025-03-01 18:50:30] INFO: 3 Fractures Accepted (Before Isolated Fracture Removal)
[2025-03-01 18:50:30] INFO: 3 Final Fractures (After Isolated Fracture Removal)

[2025-03-01 18:50:30] INFO: Total Fractures Rejected: 0
[2025-03-01 18:50:30] INFO: Total Fractures Re-translated: 0
[2025-03-01 18:50:30] INFO: Number of Triple Intersection Points (Before Isolated Fracture Removal): 0
[2025-03-01 18:50:30] INFO: Intersection Statistics:
[2025-03-01 18:50:30] INFO:     Number of Intersections: 0 
[2025-03-01 18:50:30] INFO:     Intersections Shortened: 0 
[2025-03-01 18:50:30] INFO:     Original Intersection (Before Intersection Shrinking) Length: 0.000000 m
[2025-03-01 18:50:30] INFO:     Intersection Length Discarded: 0.000000 m
[2025-03-01 18:50:30] INFO:     Final Intersection Length: 0.000000 m
[2025-03-01 18:50:30] INFO: Rejection Statistics: 
[2025-03-01 18:50:30] INFO:     0 Short Intersections 
[2025-03-01 18:50:30] INFO:     0 Close to Node
[2025-03-01 18:50:30] INFO:     0 Close to Edge
[2025-03-01 18:50:30] INFO:     0 Vertex Close to Edge
[2025-03-01 18:50:30] INFO:     0 Outside of Domain
[2025-03-01 18:50:30] INFO:     0 Triple intersection Rejections
[2025-03-01 18:50:30] INFO:     0 Intersections Close to Other Intersections

[2025-03-01 18:50:30] INFO: ________________________________________________________
[2025-03-01 18:50:30] INFO: Seed: 1
[2025-03-01 18:50:30] INFO: /dfnWorks/work/100_100_50_3fr_smNONE/faults/dfnGen_output
[2025-03-01 18:50:30] INFO: Writing Graph Data Files
[2025-03-01 18:50:30] INFO: Writing Polygon Files
[2025-03-01 18:50:30] INFO: Writing Polygon Files Complete
[2025-03-01 18:50:30] INFO: Writing Intersection Files
[2025-03-01 18:50:30] INFO: Writing poly inp files
[2025-03-01 18:50:30] INFO: Writing /dfnWorks/work/100_100_50_3fr_smNONE/faults/dfnGen_output/../params.txt
[2025-03-01 18:50:30] INFO: Writing Radii File (radii.dat)
[2025-03-01 18:50:30] INFO: Writing Rejection Statistics File (rejections.dat)
[2025-03-01 18:50:30] INFO: Writing Family Definitions File (families.dat)
[2025-03-01 18:50:30] INFO: Writing Fracture Translations File (translations.dat)
[2025-03-01 18:50:30] INFO: Writing Connectivity Data (connectivity.dat)
[2025-03-01 18:50:31] INFO: Writing Rotation Data File (poly_info.dat)
[2025-03-01 18:50:31] INFO: Writing Normal Vectors into File (normal_vectors.dat)
[2025-03-01 18:50:31] INFO: Writing Rotation Data File (rejectsPerAttempt.dat)
[2025-03-01 18:50:31] INFO: Writing Boundary Files
[2025-03-01 18:50:31] INFO: Lagrit Should Remove 0 Nodes (0/2 - 0)
[2025-03-01 18:50:31] INFO: DFNGen - Complete

2025-03-01 18:50:31,558 INFO -->Opening dfnGen LogFile...

2025-03-01 18:50:31,559 INFO [2025-03-01 18:50:30] INFO: Starting DFNGen
[2025-03-01 18:50:30] INFO: DFN Generator Input File: dfnGen_output/faults_dfnGen_input_clean.dat

[2025-03-01 18:50:30] INFO: 
FRAM IS DISABLED
[2025-03-01 18:50:30] INFO: Expecting Theta and phi for orientations
[2025-03-01 18:50:30] INFO: User Defined Rectangles File: /dfnWorks/work/100_100_50_3fr_smNONE/faults/dfnGen_output/user_defined_rect.dat
[2025-03-01 18:50:30] WARNING: Warning: You have defined stopCondition = 1 (P32 program stopping condition) but have no stochastic shape families defined. Automatically setting stopCondition to 0 for use with user defined polygons and nPoly.

[2025-03-01 18:50:30] INFO: h: 100.000000
[2025-03-01 18:50:30] INFO: 3 User Rectangles Defined
[2025-03-01 18:50:30] INFO: User Defined Rectangular Fracture 1 Accepted
[2025-03-01 18:50:30] INFO: User Defined Rectangular Fracture 2 Accepted
[2025-03-01 18:50:30] INFO: User Defined Rectangular Fracture 3 Accepted
[2025-03-01 18:50:30] INFO: ========================================================
[2025-03-01 18:50:30] INFO:             Network Generation Complete
[2025-03-01 18:50:30] INFO: ========================================================
[2025-03-01 18:50:30] INFO: Version of DFNGen: 2.2
[2025-03-01 18:50:30] INFO: Time Stamp: Sat Mar  1 18:50:30 2025

[2025-03-01 18:50:30] INFO: ________________________________________________________

[2025-03-01 18:50:30] INFO: Statistics Before Isolated Fractures Removed:

[2025-03-01 18:50:30] INFO: Fractures: 3
[2025-03-01 18:50:30] INFO: Truncated: 0

[2025-03-01 18:50:30] INFO: Total Surface Area:     1350000000.000000 m^2
[2025-03-01 18:50:30] INFO: Total Fracture Density   (P30): 0.000000
[2025-03-01 18:50:30] INFO: Total Fracture Intensity (P32): 0.000003
[2025-03-01 18:50:30] INFO: User Defined: 
[2025-03-01 18:50:30] INFO:     Surface Area: 1350000000.000000 m^2
[2025-03-01 18:50:30] INFO:     Fracture Intensity (P32): 0.000003

[2025-03-01 18:50:30] INFO: In cluster groups
[2025-03-01 18:50:30] INFO: Number of fractures: 3
[2025-03-01 18:50:30] INFO: Number of groups: 3
[2025-03-01 18:50:30] INFO: Number of fractures: 3[2025-03-01 18:50:30] INFO: ________________________________________________________

[2025-03-01 18:50:30] INFO: Statistics After Isolated Fractures Removed:
[2025-03-01 18:50:30] INFO: Final Number of Fractures: 3
[2025-03-01 18:50:30] INFO: Isolated Fractures Removed: 0
[2025-03-01 18:50:30] INFO: Fractures before isolated fractures removed:: 3

[2025-03-01 18:50:30] INFO: Total Surface Area:     1350000000.000000 m^2
[2025-03-01 18:50:30] INFO: Total Fracture Density   (P30): 0.000000
[2025-03-01 18:50:30] INFO: Total Fracture Intensity (P32): 0.000003
[2025-03-01 18:50:30] INFO: User Defined Shapes: 
[2025-03-01 18:50:30] INFO:     Surface Area: 1350000000.000000 m^2
[2025-03-01 18:50:30] INFO:     Fracture Intensity (P32): 0.000003

[2025-03-01 18:50:30] INFO: ________________________________________________________

[2025-03-01 18:50:30] INFO: 3 Fractures Accepted (Before Isolated Fracture Removal)
[2025-03-01 18:50:30] INFO: 3 Final Fractures (After Isolated Fracture Removal)

[2025-03-01 18:50:30] INFO: Total Fractures Rejected: 0
[2025-03-01 18:50:30] INFO: Total Fractures Re-translated: 0
[2025-03-01 18:50:30] INFO: Number of Triple Intersection Points (Before Isolated Fracture Removal): 0
[2025-03-01 18:50:30] INFO: Intersection Statistics:
[2025-03-01 18:50:30] INFO:     Number of Intersections: 0 
[2025-03-01 18:50:30] INFO:     Intersections Shortened: 0 
[2025-03-01 18:50:30] INFO:     Original Intersection (Before Intersection Shrinking) Length: 0.000000 m
[2025-03-01 18:50:30] INFO:     Intersection Length Discarded: 0.000000 m
[2025-03-01 18:50:30] INFO:     Final Intersection Length: 0.000000 m
[2025-03-01 18:50:30] INFO: Rejection Statistics: 
[2025-03-01 18:50:30] INFO:     0 Short Intersections 
[2025-03-01 18:50:30] INFO:     0 Close to Node
[2025-03-01 18:50:30] INFO:     0 Close to Edge
[2025-03-01 18:50:30] INFO:     0 Vertex Close to Edge
[2025-03-01 18:50:30] INFO:     0 Outside of Domain
[2025-03-01 18:50:30] INFO:     0 Triple intersection Rejections
[2025-03-01 18:50:30] INFO:     0 Intersections Close to Other Intersections

[2025-03-01 18:50:30] INFO: ________________________________________________________
[2025-03-01 18:50:30] INFO: Seed: 1
[2025-03-01 18:50:30] INFO: /dfnWorks/work/100_100_50_3fr_smNONE/faults/dfnGen_output
[2025-03-01 18:50:30] INFO: Writing Graph Data Files
[2025-03-01 18:50:30] INFO: Writing Polygon Files
[2025-03-01 18:50:30] INFO: Writing Polygon Files Complete
[2025-03-01 18:50:30] INFO: Writing Intersection Files
[2025-03-01 18:50:30] INFO: Writing poly inp files
[2025-03-01 18:50:30] INFO: Writing /dfnWorks/work/100_100_50_3fr_smNONE/faults/dfnGen_output/../params.txt
[2025-03-01 18:50:30] INFO: Writing Radii File (radii.dat)
[2025-03-01 18:50:30] INFO: Writing Rejection Statistics File (rejections.dat)
[2025-03-01 18:50:30] INFO: Writing Family Definitions File (families.dat)
[2025-03-01 18:50:30] INFO: Writing Fracture Translations File (translations.dat)
[2025-03-01 18:50:30] INFO: Writing Connectivity Data (connectivity.dat)
[2025-03-01 18:50:31] INFO: Writing Rotation Data File (poly_info.dat)
[2025-03-01 18:50:31] INFO: Writing Normal Vectors into File (normal_vectors.dat)
[2025-03-01 18:50:31] INFO: Writing Rotation Data File (rejectsPerAttempt.dat)
[2025-03-01 18:50:31] INFO: Writing Boundary Files
[2025-03-01 18:50:31] INFO: Lagrit Should Remove 0 Nodes (0/2 - 0)
[2025-03-01 18:50:31] INFO: DFNGen - Complete

2025-03-01 18:50:31,559 INFO --> Parsing dfnWorks output and adding to object
2025-03-01 18:50:31,559 INFO --> Parsing params.txt file
2025-03-01 18:50:31,560 INFO --> Number of Fractures: 3
2025-03-01 18:50:31,560 INFO --> h: 1.00e+02 m
2025-03-01 18:50:31,560 INFO --> Visual mode is on
2025-03-01 18:50:31,560 INFO --> Expected Number of dudded points: 0
2025-03-01 18:50:31,560 INFO --> X Domain Size 100000.0 m
2025-03-01 18:50:31,560 INFO --> Y Domain Size 100000.0 m
2025-03-01 18:50:31,560 INFO --> Z Domain Size 50000.0 m
2025-03-01 18:50:31,560 INFO --> Parsing params.txt complete

2025-03-01 18:50:31,563 INFO --> Loading Polygon information onto DFN object
2025-03-01 18:50:31,564 INFO --> Data from polygons.dat stored on class in self.polygons

2025-03-01 18:50:31,566 INFO --> Assign hydraulic properties: Starting 
2025-03-01 18:50:31,566 INFO --> Assign hydraulic properties to fracture families : Starting 
2025-03-01 18:50:31,566 INFO --> Assign hydraulic properties to fracture families : Complete 
2025-03-01 18:50:31,566 INFO --> No Rejected User Fractures, Ignore Following Warning.
2025-03-01 18:50:31,566 INFO --> Inserting User Rectangle Hydraulic Params First
2025-03-01 18:50:31,566 INFO --> Inserting User Rect Hydraulic Params 1
2025-03-01 18:50:31,566 INFO aperture = 0.0001
2025-03-01 18:50:31,566 INFO --> Inserting User Rect Hydraulic Params 2
2025-03-01 18:50:31,566 INFO aperture = 0.0001
2025-03-01 18:50:31,566 INFO --> Inserting User Rect Hydraulic Params 3
2025-03-01 18:50:31,566 INFO aperture = 0.0001
2025-03-01 18:50:31,566 INFO --> Assign hydraulic properties: Complete 
2025-03-01 18:50:31,566 INFO --------------------------------------------------------------------------------
2025-03-01 18:50:31,566 INFO Generation Succeeded
2025-03-01 18:50:31,566 INFO --------------------------------------------------------------------------------
2025-03-01 18:50:31,566 INFO ================================================================================
2025-03-01 18:50:31,566 INFO Meshing DFN using LaGriT : Starting
2025-03-01 18:50:31,567 INFO ================================================================================
2025-03-01 18:50:31,607 INFO --> Computing mesh resolution function
2025-03-01 18:50:31,607 INFO --> Variable Mesh Resolution Selected
2025-03-01 18:50:31,607 INFO *** Minimum distance [m] from intersection with constant resolution h/2 : 50.0
2025-03-01 18:50:31,607 INFO *** Maximum distance [m] from intersection variable resolution : 1000.0
2025-03-01 18:50:31,607 INFO *** Upper bound on resolution [m] : 1000.00

2025-03-01 18:50:31,607 WARNING Meshing slope too large. 100.0 > 1. Resetting to 0.9
2025-03-01 18:50:31,607 INFO *** Meshing function : 
2025-03-01 18:50:31,607 INFO 	r(d) = 50.00			for 0 < d < 0.50
2025-03-01 18:50:31,607 INFO 	r(d) = 0.90 * d + 5.00		for 0.50 <= d <= 11.06 
2025-03-01 18:50:31,607 INFO 	r(d) = 1000.00 			for 11.06 <= d
2025-03-01 18:50:31,607 INFO --> Computing mesh resolution function : complete 

2025-03-01 18:50:31,607 INFO --> Creating scripts for LaGriT meshing
2025-03-01 18:50:31,765 INFO --> Creating scripts for LaGriT meshing: complete
2025-03-01 18:50:31,765 WARNING More processors than fractures requested.
Resetting ncpu to num_frac
2025-03-01 18:50:31,765 INFO ================================================================================
2025-03-01 18:50:31,765 INFO --> Triangulating 3 fractures using 3 processors

2025-03-01 18:50:31,779 INFO 	* Starting on Fracture 1 out of 3 *
2025-03-01 18:50:31,779 INFO 	* Starting on Fracture 2 out of 3 *
2025-03-01 18:50:31,780 INFO 	* Starting on Fracture 3 out of 3 *
2025-03-01 18:50:32,320 INFO --> Triangulating Polygons: Complete

2025-03-01 18:50:32,320 INFO --> Total Time to Mesh Network:
2025-03-01 18:50:32,320 INFO --> 5.55e-01 seconds	9.25e-03 minutes	1.54e-04 hours
2025-03-01 18:50:32,320 INFO ================================================================================
2025-03-01 18:50:32,320 INFO * Checking for meshing issues.
2025-03-01 18:50:32,321 INFO Merging the mesh: Starting
2025-03-01 18:50:32,321 INFO --> Writting partial merge scripts
2025-03-01 18:50:32,321 INFO --> There are 2 fractures in each part
2025-03-01 18:50:32,440 INFO --> Writting merge scripts: Complete 
2025-03-01 18:50:32,440 INFO --> Writing : merge_network.lgi
2025-03-01 18:50:32,458 INFO --> Writing : merge_network.lgi - complete
2025-03-01 18:50:32,458 INFO ================================================================================
2025-03-01 18:50:32,458 INFO --> Merging triangulated fracture meshes using 3 processors.
2025-03-01 18:50:32,805 INFO --> Initial merging complete. Time elapsed: 3.47e-01 seconds.

2025-03-01 18:50:32,805 INFO ================================================================================
2025-03-01 18:50:32,805 INFO --> Starting Final Merge
2025-03-01 18:50:33,003 INFO --> Final merge complete. Time elapsed: 1.98e-01 seconds
2025-03-01 18:50:33,003 INFO --> Checking for final mesh
2025-03-01 18:50:33,004 INFO --> Checking for final mesh: Complete
2025-03-01 18:50:33,004 INFO Merging the mesh: Complete
2025-03-01 18:50:33,004 INFO --> The reduced mesh in reduced_mesh.inp has 12 nodes and 6 triangular elements
2025-03-01 18:50:33,004 INFO --> Cleaning up directory after meshing
2025-03-01 18:50:33,616 INFO --> Cleaning up directory after meshing complete
2025-03-01 18:50:33,616 INFO --> Total Time to Mesh Network:
2025-03-01 18:50:33,616 INFO --> 2.05e+00 seconds	3.42e-02 minutes	5.69e-04 hours
2025-03-01 18:50:33,616 INFO ================================================================================
2025-03-01 18:50:33,616 INFO Meshing DFN using LaGriT : Complete
2025-03-01 18:50:33,616 INFO ================================================================================
2025-03-01 18:50:33,616 INFO --> Pickling DFN object to faults.pkl
2025-03-01 18:50:33,634 INFO --> Pickling DFN object to faults.pkl : Complete
