2025-03-01 18:57:33,503 INFO Initializing logfile: /dfnWorks/work/100_100_50_0fr_smNONE/middle_layer.log
2025-03-01 18:57:33,503 INFO Starting at 2025-03-01 18:57:33.503323
2025-03-01 18:57:33,503 INFO 
===================================================================
===================================================================
===================================================================
||\    _____         \               / ______  _______       /  \ 
||  \  |     |\     | \             /  |    |  |     | | /  /    \ 
||   \ |___  | \    |  \    /\     /   |    |  |_____| |/   |  |  |
||   / |     |   \  |   \  /  \  /     |    |  |   \   |\    \  \ 
||  /  |     |     \|    \/    \/      |____|  |    \  | \ |  |  |
||/ ======================================================= \    /
============================================================  \/
===================================================================

Program: pydfnWorks v2.9.1 
Run time : 2025-03-01 18:57:33.503384

This program was prepared at Los Alamos National Laboratory (LANL),
Earth and Environmental Sciences Division, Computational Earth
Science Group (EES-16), Subsurface Flow and Transport Team.
All rights in the program are reserved by the DOE and LANL.
Permission is granted to the public to copy and use this software
without charge, provided that this Notice and any statement of
authorship are reproduced on all copies. Neither the U.S. Government
nor LANS makes any warranty, express or implied, or assumes
any liability or responsibility for the use of this software.

Contact Information : dfnworks@lanl.gov
~~~~~~~~~~~~~~~~~~~~~~~~~~~~~~~~~~~~~~~~~~~~~~~~~~~~~~~~~~~~~~~~~~~
~~~~~~~~~~~~~~~~~~~~~~~~~~~~~~~~~~~~~~~~~~~~~~~~~~~~~~~~~~~~~~~~~~~

LA-CC-17-027

~~~~~~~~~~~~~~~~~~~~~~~~~~~~~~~~~~~~~~~~~~~~~~~~~~~~~~~~~~~~~~~~~~~
~~~~~~~~~~~~~~~~~~~~~~~~~~~~~~~~~~~~~~~~~~~~~~~~~~~~~~~~~~~~~~~~~~~

(or copyright) 2018 Triad National Security, LLC. All rights reserved.
 
This program was produced under U.S. Government contract 89233218CNA000001
for Los Alamos National Laboratory (LANL), which is operated by Triad 
National Security, LLC for the U.S. Department of Energy/National Nuclear
Security Administration.

This is free software; you can redistribute it and/or modify it under the
terms of the GNU Lesser General Public License as published by the Free
Software Foundation; either version 3.0 of the License, or (at your option)
any later version. If software is modified to produce derivative works,
such modified software should be clearly marked, so as not to confuse it with
the version available from LANL.

All rights in the program are reserved by Triad National Security, LLC, 
and the U.S. Department of Energy/National Nuclear Security Administration.
The Government is granted for itself and others acting on its behalf a 
nonexclusive, paid-up, irrevocable worldwide license in this material 
to reproduce, prepare derivative works, distribute copies to the public,
perform publicly and display publicly, and to permit others to do so.

The U.S. Government has rights to use, reproduce, and distribute this software.  
NEITHER THE GOVERNMENT NOR TRIAD NATIONAL SECURITY, LLC MAKES ANY WARRANTY, 
EXPRESS OR IMPLIED, OR ASSUMES ANY LIABILITY FOR THE USE OF THIS SOFTWARE.  
If software is modified to  produce derivative works, such modified 
software should be clearly marked, so as not to confuse it with the 
version available from LANL.

Additionally, this program is free software; you can redistribute it and/or 
modify it under the terms of the GNU General Public License as published by the 
Free Software Foundation; either version 2 of the License, or (at your option) 
any later version. Accordingly, this program is distributed in the hope that it 
will be useful, but WITHOUT ANY WARRANTY; without even the implied warranty of 
MERCHANTABILITY or FITNESS FOR A PARTICULAR PURPOSE. See the GNU General Public 
License for more details.
 
Additionally, redistribution and use in source and binary forms, with or 
without modification, are permitted provided that the following conditions are 
met:
1.       Redistributions of source code must retain the above copyright notice, 
this list of conditions and the following disclaimer.

2.      Redistributions in binary form must reproduce the above copyright 
notice, this list of conditions and the following disclaimer in the 
documentation and/or other materials provided with the distribution.

3.      Neither the name of Los Alamos National Security, LLC, Los Alamos 
National Laboratory, LANL, the U.S. Government, nor the names of its 
contributors may be used to endorse or promote products derived from this 
software without specific prior written permission.
 
THIS SOFTWARE IS PROVIDED BY LOS ALAMOS NATIONAL SECURITY, LLC AND 
CONTRIBUTORS "AS IS" AND ANY EXPRESS OR IMPLIED WARRANTIES, INCLUDING, BUT NOT 
LIMITED TO, THE IMPLIED WARRANTIES OF MERCHANTABILITY AND FITNESS FOR A 
PARTICULAR PURPOSE ARE DISCLAIMED. IN NO EVENT SHALL LOS ALAMOS NATIONAL 
SECURITY, LLC OR CONTRIBUTORS BE LIABLE FOR ANY DIRECT, INDIRECT, INCIDENTAL, 
SPECIAL, EXEMPLARY, OR CONSEQUENTIAL DAMAGES (INCLUDING, BUT NOT LIMITED TO, 
PROCUREMENT OF SUBSTITUTE GOODS OR SERVICES; LOSS OF USE, DATA, OR PROFITS; OR 
BUSINESS INTERRUPTION) HOWEVER CAUSED AND ON ANY THEORY OF LIABILITY, WHETHER 
IN CONTRACT, STRICT LIABILITY, OR TORT (INCLUDING NEGLIGENCE OR OTHERWISE) 
ARISING IN ANY WAY OUT OF THE USE OF THIS SOFTWARE, EVEN IF ADVISED OF THE 
POSSIBILITY OF SUCH DAMAGE.

2025-03-01 18:57:33,503 INFO --> Creating DFN Object: Starting
2025-03-01 18:57:33,503 INFO --> Loading and checking dfnWorks dependency paths
2025-03-01 18:57:33,503 INFO dfnWorks paths:
2025-03-01 18:57:33,503 INFO ---------------
2025-03-01 18:57:33,503 INFO * dfnworks_PATH: /dfnWorks/bin/
2025-03-01 18:57:33,503 INFO * LAGRIT_EXE: /dfnWorks/bin/lagrit
2025-03-01 18:57:33,503 INFO * PETSC_DIR: /dfnWorks/lib/petsc
2025-03-01 18:57:33,503 INFO * PETSC_ARCH: arch-linux2-c-debug
2025-03-01 18:57:33,503 INFO * PFLOTRAN_EXE: /dfnWorks/bin/pflotran
2025-03-01 18:57:33,503 INFO * FEHM_EXE: /dfnWorks/bin/fehm

2025-03-01 18:57:33,503 INFO --> Loading and checking dfnWorks dependency paths successful
2025-03-01 18:57:33,503 INFO 
--> Creating DFN Object: Starting
2025-03-01 18:57:33,503 INFO ================================================================================

2025-03-01 18:57:33,503 INFO --> Jobname: /dfnWorks/work/100_100_50_0fr_smNONE/middle_layer
2025-03-01 18:57:33,503 INFO --> Local Jobname: middle_layer
2025-03-01 18:57:33,503 INFO --> Number of Processors Requested: 8
2025-03-01 18:57:33,503 INFO --> dfnGen filename : middle_layer_dfnGen_input.dat
2025-03-01 18:57:33,503 INFO --> Local dfnGen filename : middle_layer_dfnGen_input.dat
2025-03-01 18:57:33,503 INFO --> dfnFlow filename : /dfnWorks/work/100_100_50_0fr_smNONE/fehmn.files
2025-03-01 18:57:33,503 INFO --> Local dfnFlow filename : fehmn.files
2025-03-01 18:57:33,503 INFO ================================================================================

2025-03-01 18:57:33,503 INFO --> Creating DFN Object: Complete
2025-03-01 18:57:33,503 INFO --> User Fracture information
2025-03-01 18:57:33,503 INFO * Fracture Number 1 *
2025-03-01 18:57:33,504 INFO Name                                    Value
2025-03-01 18:57:33,504 INFO ----------------------------            ---------------
2025-03-01 18:57:33,504 INFO shape                                    rect
2025-03-01 18:57:33,504 INFO nPolygons                                1
2025-03-01 18:57:33,504 INFO filename                                 /dfnWorks/work/100_100_50_0fr_smNONE/middle_layer/dfnGen_output/user_defined_rect.dat
2025-03-01 18:57:33,504 INFO Radii:                                   50000.0
2025-03-01 18:57:33,504 INFO Aspect_Ratio:                            1.0
2025-03-01 18:57:33,504 INFO Beta:                                    0
2025-03-01 18:57:33,504 INFO AngleOption:                             degree
2025-03-01 18:57:33,504 INFO Translation:                             [0, 0, -5000.0]
2025-03-01 18:57:33,504 INFO userOrientationOption:                   0
2025-03-01 18:57:33,504 INFO Normal:                                  [0, 0, 1]
2025-03-01 18:57:33,504 INFO aperture                                 [None]
2025-03-01 18:57:33,504 INFO transmissivity                           [None]
2025-03-01 18:57:33,504 INFO permeability                             [1e-15]
2025-03-01 18:57:33,504 INFO hy_prop_type                             permeability
2025-03-01 18:57:33,504 INFO --> User Fracture information
2025-03-01 18:57:33,504 INFO * Fracture Number 1 *
2025-03-01 18:57:33,504 INFO Name                                    Value
2025-03-01 18:57:33,504 INFO ----------------------------            ---------------
2025-03-01 18:57:33,504 INFO shape                                    rect
2025-03-01 18:57:33,504 INFO nPolygons                                1
2025-03-01 18:57:33,504 INFO filename                                 /dfnWorks/work/100_100_50_0fr_smNONE/middle_layer/dfnGen_output/user_defined_rect.dat
2025-03-01 18:57:33,504 INFO Radii:                                   50000.0
2025-03-01 18:57:33,504 INFO Aspect_Ratio:                            1.0
2025-03-01 18:57:33,504 INFO Beta:                                    0
2025-03-01 18:57:33,504 INFO AngleOption:                             degree
2025-03-01 18:57:33,504 INFO Translation:                             [0, 0, 5000.0]
2025-03-01 18:57:33,504 INFO userOrientationOption:                   0
2025-03-01 18:57:33,504 INFO Normal:                                  [0, 0, 1]
2025-03-01 18:57:33,504 INFO aperture                                 [None]
2025-03-01 18:57:33,504 INFO transmissivity                           [None]
2025-03-01 18:57:33,504 INFO permeability                             [1e-15]
2025-03-01 18:57:33,504 INFO hy_prop_type                             permeability
2025-03-01 18:57:33,575 INFO Making subdirectory: dfnGen_output
2025-03-01 18:57:33,692 INFO Making subdirectory: dfnGen_output/radii
2025-03-01 18:57:33,821 INFO Making subdirectory: intersections
2025-03-01 18:57:33,896 INFO Making subdirectory: polys
2025-03-01 18:57:33,969 INFO Current directory is now: /dfnWorks/work/100_100_50_0fr_smNONE/middle_layer
2025-03-01 18:57:33,969 INFO Jobname is /dfnWorks/work/100_100_50_0fr_smNONE/middle_layer
2025-03-01 18:57:33,969 INFO ================================================================================
2025-03-01 18:57:33,969 INFO Checking Input File

2025-03-01 18:57:33,969 INFO Fracture Family order was not changed
2025-03-01 18:57:33,969 INFO --> Writing user defined rectangles to file /dfnWorks/work/100_100_50_0fr_smNONE/middle_layer/dfnGen_output/user_defined_rect.dat
2025-03-01 18:57:34,201 INFO --> Clean output file name: dfnGen_output/middle_layer_dfnGen_input_clean.dat
2025-03-01 18:57:34,201 INFO --> Checking General Parameters: Starting
2025-03-01 18:57:34,201 WARNING --> Warning while parsing input

Running with FRAM off. Mesh will not work for DFN flow and transport.
Be Careful out there

2025-03-01 18:57:34,201 WARNING --> Warning while parsing input

Running with FRAM off. Mesh will not work for DFN flow and transport.
Be Careful out there

2025-03-01 18:57:34,201 INFO --> Checking General Parameters: Complete
2025-03-01 18:57:34,201 INFO Converting angleOption value from degree to 1 for dfnGen input
2025-03-01 18:57:34,201 INFO --> Writing parameters to file dfnGen_output/middle_layer_dfnGen_input_clean.dat
2025-03-01 18:57:34,397 INFO Checking Input File Complete
2025-03-01 18:57:34,398 INFO ================================================================================
2025-03-01 18:57:34,398 INFO --> Running DFNGEN
2025-03-01 18:57:34,398 INFO Running: >> /dfnWorks/bin/DFNGen dfnGen_output/middle_layer_dfnGen_input_clean.dat /dfnWorks/work/100_100_50_0fr_smNONE/middle_layer
2025-03-01 18:57:40,618 INFO -->Opening dfnGen LogFile...

2025-03-01 18:57:40,681 INFO [2025-03-01 18:57:34] INFO: Starting DFNGen
[2025-03-01 18:57:34] INFO: DFN Generator Input File: dfnGen_output/middle_layer_dfnGen_input_clean.dat

[2025-03-01 18:57:34] INFO: 
FRAM IS DISABLED
[2025-03-01 18:57:34] INFO: Expecting Theta and phi for orientations
[2025-03-01 18:57:34] INFO: User Defined Rectangles File: /dfnWorks/work/100_100_50_0fr_smNONE/middle_layer/dfnGen_output/user_defined_rect.dat
[2025-03-01 18:57:34] WARNING: Warning: You have defined stopCondition = 1 (P32 program stopping condition) but have no stochastic shape families defined. Automatically setting stopCondition to 0 for use with user defined polygons and nPoly.

[2025-03-01 18:57:34] INFO: h: 100.000000
[2025-03-01 18:57:34] INFO: 2 User Rectangles Defined
[2025-03-01 18:57:34] INFO: User Defined Rectangular Fracture 1 Accepted
[2025-03-01 18:57:34] INFO: User Defined Rectangular Fracture 2 Accepted
[2025-03-01 18:57:35] INFO: ========================================================
[2025-03-01 18:57:35] INFO:             Network Generation Complete
[2025-03-01 18:57:35] INFO: ========================================================
[2025-03-01 18:57:35] INFO: Version of DFNGen: 2.2
[2025-03-01 18:57:35] INFO: Time Stamp: Sat Mar  1 18:57:35 2025

[2025-03-01 18:57:35] INFO: ________________________________________________________

[2025-03-01 18:57:35] INFO: Statistics Before Isolated Fractures Removed:

[2025-03-01 18:57:35] INFO: Fractures: 2
[2025-03-01 18:57:35] INFO: Truncated: 0

[2025-03-01 18:57:35] INFO: Total Surface Area:     40000000000.000000 m^2
[2025-03-01 18:57:35] INFO: Total Fracture Density   (P30): 0.000000
[2025-03-01 18:57:35] INFO: Total Fracture Intensity (P32): 0.000400
[2025-03-01 18:57:35] INFO: User Defined: 
[2025-03-01 18:57:35] INFO:     Surface Area: 40000000000.000000 m^2
[2025-03-01 18:57:35] INFO:     Fracture Intensity (P32): 0.000400

[2025-03-01 18:57:35] INFO: In cluster groups
[2025-03-01 18:57:35] INFO: Number of fractures: 2
[2025-03-01 18:57:35] INFO: Number of groups: 2
[2025-03-01 18:57:35] INFO: Number of fractures: 2[2025-03-01 18:57:35] INFO: ________________________________________________________

[2025-03-01 18:57:35] INFO: Statistics After Isolated Fractures Removed:
[2025-03-01 18:57:35] INFO: Final Number of Fractures: 2
[2025-03-01 18:57:35] INFO: Isolated Fractures Removed: 0
[2025-03-01 18:57:35] INFO: Fractures before isolated fractures removed:: 2

[2025-03-01 18:57:35] INFO: Total Surface Area:     40000000000.000000 m^2
[2025-03-01 18:57:35] INFO: Total Fracture Density   (P30): 0.000000
[2025-03-01 18:57:35] INFO: Total Fracture Intensity (P32): 0.000400
[2025-03-01 18:57:35] INFO: User Defined Shapes: 
[2025-03-01 18:57:35] INFO:     Surface Area: 40000000000.000000 m^2
[2025-03-01 18:57:35] INFO:     Fracture Intensity (P32): 0.000400

[2025-03-01 18:57:35] INFO: ________________________________________________________

[2025-03-01 18:57:35] INFO: 2 Fractures Accepted (Before Isolated Fracture Removal)
[2025-03-01 18:57:35] INFO: 2 Final Fractures (After Isolated Fracture Removal)

[2025-03-01 18:57:35] INFO: Total Fractures Rejected: 0
[2025-03-01 18:57:35] INFO: Total Fractures Re-translated: 0
[2025-03-01 18:57:35] INFO: Number of Triple Intersection Points (Before Isolated Fracture Removal): 0
[2025-03-01 18:57:35] INFO: Intersection Statistics:
[2025-03-01 18:57:35] INFO:     Number of Intersections: 0 
[2025-03-01 18:57:35] INFO:     Intersections Shortened: 0 
[2025-03-01 18:57:35] INFO:     Original Intersection (Before Intersection Shrinking) Length: 0.000000 m
[2025-03-01 18:57:35] INFO:     Intersection Length Discarded: 0.000000 m
[2025-03-01 18:57:35] INFO:     Final Intersection Length: 0.000000 m
[2025-03-01 18:57:35] INFO: Rejection Statistics: 
[2025-03-01 18:57:35] INFO:     0 Short Intersections 
[2025-03-01 18:57:35] INFO:     0 Close to Node
[2025-03-01 18:57:35] INFO:     0 Close to Edge
[2025-03-01 18:57:35] INFO:     0 Vertex Close to Edge
[2025-03-01 18:57:35] INFO:     0 Outside of Domain
[2025-03-01 18:57:35] INFO:     0 Triple intersection Rejections
[2025-03-01 18:57:35] INFO:     0 Intersections Close to Other Intersections

[2025-03-01 18:57:35] INFO: ________________________________________________________
[2025-03-01 18:57:35] INFO: Seed: 1
[2025-03-01 18:57:35] INFO: /dfnWorks/work/100_100_50_0fr_smNONE/middle_layer/dfnGen_output
[2025-03-01 18:57:35] INFO: Writing Graph Data Files
[2025-03-01 18:57:35] INFO: Writing Polygon Files
[2025-03-01 18:57:35] INFO: Writing Polygon Files Complete
[2025-03-01 18:57:35] INFO: Writing Intersection Files
[2025-03-01 18:57:36] INFO: Writing poly inp files
[2025-03-01 18:57:37] INFO: Writing /dfnWorks/work/100_100_50_0fr_smNONE/middle_layer/dfnGen_output/../params.txt
[2025-03-01 18:57:37] INFO: Writing Radii File (radii.dat)
[2025-03-01 18:57:37] INFO: Writing Rejection Statistics File (rejections.dat)
[2025-03-01 18:57:37] INFO: Writing Family Definitions File (families.dat)
[2025-03-01 18:57:38] INFO: Writing Fracture Translations File (translations.dat)
[2025-03-01 18:57:38] INFO: Writing Connectivity Data (connectivity.dat)
[2025-03-01 18:57:38] INFO: Writing Rotation Data File (poly_info.dat)
[2025-03-01 18:57:38] INFO: Writing Normal Vectors into File (normal_vectors.dat)
[2025-03-01 18:57:38] INFO: Writing Rotation Data File (rejectsPerAttempt.dat)
[2025-03-01 18:57:39] INFO: Writing Boundary Files
[2025-03-01 18:57:40] INFO: Lagrit Should Remove 0 Nodes (0/2 - 0)
[2025-03-01 18:57:40] INFO: DFNGen - Complete

2025-03-01 18:57:40,752 INFO -->Opening dfnGen LogFile...

2025-03-01 18:57:40,752 INFO [2025-03-01 18:57:34] INFO: Starting DFNGen
[2025-03-01 18:57:34] INFO: DFN Generator Input File: dfnGen_output/middle_layer_dfnGen_input_clean.dat

[2025-03-01 18:57:34] INFO: 
FRAM IS DISABLED
[2025-03-01 18:57:34] INFO: Expecting Theta and phi for orientations
[2025-03-01 18:57:34] INFO: User Defined Rectangles File: /dfnWorks/work/100_100_50_0fr_smNONE/middle_layer/dfnGen_output/user_defined_rect.dat
[2025-03-01 18:57:34] WARNING: Warning: You have defined stopCondition = 1 (P32 program stopping condition) but have no stochastic shape families defined. Automatically setting stopCondition to 0 for use with user defined polygons and nPoly.

[2025-03-01 18:57:34] INFO: h: 100.000000
[2025-03-01 18:57:34] INFO: 2 User Rectangles Defined
[2025-03-01 18:57:34] INFO: User Defined Rectangular Fracture 1 Accepted
[2025-03-01 18:57:34] INFO: User Defined Rectangular Fracture 2 Accepted
[2025-03-01 18:57:35] INFO: ========================================================
[2025-03-01 18:57:35] INFO:             Network Generation Complete
[2025-03-01 18:57:35] INFO: ========================================================
[2025-03-01 18:57:35] INFO: Version of DFNGen: 2.2
[2025-03-01 18:57:35] INFO: Time Stamp: Sat Mar  1 18:57:35 2025

[2025-03-01 18:57:35] INFO: ________________________________________________________

[2025-03-01 18:57:35] INFO: Statistics Before Isolated Fractures Removed:

[2025-03-01 18:57:35] INFO: Fractures: 2
[2025-03-01 18:57:35] INFO: Truncated: 0

[2025-03-01 18:57:35] INFO: Total Surface Area:     40000000000.000000 m^2
[2025-03-01 18:57:35] INFO: Total Fracture Density   (P30): 0.000000
[2025-03-01 18:57:35] INFO: Total Fracture Intensity (P32): 0.000400
[2025-03-01 18:57:35] INFO: User Defined: 
[2025-03-01 18:57:35] INFO:     Surface Area: 40000000000.000000 m^2
[2025-03-01 18:57:35] INFO:     Fracture Intensity (P32): 0.000400

[2025-03-01 18:57:35] INFO: In cluster groups
[2025-03-01 18:57:35] INFO: Number of fractures: 2
[2025-03-01 18:57:35] INFO: Number of groups: 2
[2025-03-01 18:57:35] INFO: Number of fractures: 2[2025-03-01 18:57:35] INFO: ________________________________________________________

[2025-03-01 18:57:35] INFO: Statistics After Isolated Fractures Removed:
[2025-03-01 18:57:35] INFO: Final Number of Fractures: 2
[2025-03-01 18:57:35] INFO: Isolated Fractures Removed: 0
[2025-03-01 18:57:35] INFO: Fractures before isolated fractures removed:: 2

[2025-03-01 18:57:35] INFO: Total Surface Area:     40000000000.000000 m^2
[2025-03-01 18:57:35] INFO: Total Fracture Density   (P30): 0.000000
[2025-03-01 18:57:35] INFO: Total Fracture Intensity (P32): 0.000400
[2025-03-01 18:57:35] INFO: User Defined Shapes: 
[2025-03-01 18:57:35] INFO:     Surface Area: 40000000000.000000 m^2
[2025-03-01 18:57:35] INFO:     Fracture Intensity (P32): 0.000400

[2025-03-01 18:57:35] INFO: ________________________________________________________

[2025-03-01 18:57:35] INFO: 2 Fractures Accepted (Before Isolated Fracture Removal)
[2025-03-01 18:57:35] INFO: 2 Final Fractures (After Isolated Fracture Removal)

[2025-03-01 18:57:35] INFO: Total Fractures Rejected: 0
[2025-03-01 18:57:35] INFO: Total Fractures Re-translated: 0
[2025-03-01 18:57:35] INFO: Number of Triple Intersection Points (Before Isolated Fracture Removal): 0
[2025-03-01 18:57:35] INFO: Intersection Statistics:
[2025-03-01 18:57:35] INFO:     Number of Intersections: 0 
[2025-03-01 18:57:35] INFO:     Intersections Shortened: 0 
[2025-03-01 18:57:35] INFO:     Original Intersection (Before Intersection Shrinking) Length: 0.000000 m
[2025-03-01 18:57:35] INFO:     Intersection Length Discarded: 0.000000 m
[2025-03-01 18:57:35] INFO:     Final Intersection Length: 0.000000 m
[2025-03-01 18:57:35] INFO: Rejection Statistics: 
[2025-03-01 18:57:35] INFO:     0 Short Intersections 
[2025-03-01 18:57:35] INFO:     0 Close to Node
[2025-03-01 18:57:35] INFO:     0 Close to Edge
[2025-03-01 18:57:35] INFO:     0 Vertex Close to Edge
[2025-03-01 18:57:35] INFO:     0 Outside of Domain
[2025-03-01 18:57:35] INFO:     0 Triple intersection Rejections
[2025-03-01 18:57:35] INFO:     0 Intersections Close to Other Intersections

[2025-03-01 18:57:35] INFO: ________________________________________________________
[2025-03-01 18:57:35] INFO: Seed: 1
[2025-03-01 18:57:35] INFO: /dfnWorks/work/100_100_50_0fr_smNONE/middle_layer/dfnGen_output
[2025-03-01 18:57:35] INFO: Writing Graph Data Files
[2025-03-01 18:57:35] INFO: Writing Polygon Files
[2025-03-01 18:57:35] INFO: Writing Polygon Files Complete
[2025-03-01 18:57:35] INFO: Writing Intersection Files
[2025-03-01 18:57:36] INFO: Writing poly inp files
[2025-03-01 18:57:37] INFO: Writing /dfnWorks/work/100_100_50_0fr_smNONE/middle_layer/dfnGen_output/../params.txt
[2025-03-01 18:57:37] INFO: Writing Radii File (radii.dat)
[2025-03-01 18:57:37] INFO: Writing Rejection Statistics File (rejections.dat)
[2025-03-01 18:57:37] INFO: Writing Family Definitions File (families.dat)
[2025-03-01 18:57:38] INFO: Writing Fracture Translations File (translations.dat)
[2025-03-01 18:57:38] INFO: Writing Connectivity Data (connectivity.dat)
[2025-03-01 18:57:38] INFO: Writing Rotation Data File (poly_info.dat)
[2025-03-01 18:57:38] INFO: Writing Normal Vectors into File (normal_vectors.dat)
[2025-03-01 18:57:38] INFO: Writing Rotation Data File (rejectsPerAttempt.dat)
[2025-03-01 18:57:39] INFO: Writing Boundary Files
[2025-03-01 18:57:40] INFO: Lagrit Should Remove 0 Nodes (0/2 - 0)
[2025-03-01 18:57:40] INFO: DFNGen - Complete

2025-03-01 18:57:40,815 INFO --> Parsing dfnWorks output and adding to object
2025-03-01 18:57:40,815 INFO --> Parsing params.txt file
2025-03-01 18:57:40,949 INFO --> Number of Fractures: 2
2025-03-01 18:57:40,949 INFO --> h: 1.00e+02 m
2025-03-01 18:57:40,949 INFO --> Visual mode is on
2025-03-01 18:57:40,949 INFO --> Expected Number of dudded points: 0
2025-03-01 18:57:40,949 INFO --> X Domain Size 100000.0 m
2025-03-01 18:57:40,949 INFO --> Y Domain Size 100000.0 m
2025-03-01 18:57:40,949 INFO --> Z Domain Size 10000.0 m
2025-03-01 18:57:40,949 INFO --> Parsing params.txt complete

2025-03-01 18:57:41,645 INFO --> Loading Polygon information onto DFN object
2025-03-01 18:57:41,870 INFO --> Data from polygons.dat stored on class in self.polygons

2025-03-01 18:57:42,316 INFO --> Assign hydraulic properties: Starting 
2025-03-01 18:57:42,316 INFO --> Assign hydraulic properties to fracture families : Starting 
2025-03-01 18:57:42,316 INFO --> Assign hydraulic properties to fracture families : Complete 
2025-03-01 18:57:42,396 INFO --> No Rejected User Fractures, Ignore Following Warning.
2025-03-01 18:57:42,396 INFO --> Inserting User Rectangle Hydraulic Params First
2025-03-01 18:57:42,396 INFO --> Inserting User Rect Hydraulic Params 1
2025-03-01 18:57:42,397 INFO permeability = 1e-15
2025-03-01 18:57:42,397 INFO --> Inserting User Rect Hydraulic Params 2
2025-03-01 18:57:42,397 INFO permeability = 1e-15
2025-03-01 18:57:42,397 INFO --> Assign hydraulic properties: Complete 
2025-03-01 18:57:42,397 INFO --------------------------------------------------------------------------------
2025-03-01 18:57:42,397 INFO Generation Succeeded
2025-03-01 18:57:42,397 INFO --------------------------------------------------------------------------------
2025-03-01 18:57:42,397 INFO ================================================================================
2025-03-01 18:57:42,397 INFO Meshing DFN using LaGriT : Starting
2025-03-01 18:57:42,397 INFO ================================================================================
2025-03-01 18:57:42,822 INFO --> Computing mesh resolution function
2025-03-01 18:57:42,822 INFO --> Variable Mesh Resolution Selected
2025-03-01 18:57:42,823 INFO *** Minimum distance [m] from intersection with constant resolution h/2 : 50.0
2025-03-01 18:57:42,823 INFO *** Maximum distance [m] from intersection variable resolution : 1000.0
2025-03-01 18:57:42,823 INFO *** Upper bound on resolution [m] : 1000.00

2025-03-01 18:57:42,823 WARNING Meshing slope too large. 100.0 > 1. Resetting to 0.9
2025-03-01 18:57:42,823 INFO *** Meshing function : 
2025-03-01 18:57:42,823 INFO 	r(d) = 50.00			for 0 < d < 0.50
2025-03-01 18:57:42,823 INFO 	r(d) = 0.90 * d + 5.00		for 0.50 <= d <= 11.06 
2025-03-01 18:57:42,823 INFO 	r(d) = 1000.00 			for 11.06 <= d
2025-03-01 18:57:42,823 INFO --> Computing mesh resolution function : complete 

2025-03-01 18:57:42,823 INFO --> Creating scripts for LaGriT meshing
2025-03-01 18:57:44,956 INFO --> Creating scripts for LaGriT meshing: complete
2025-03-01 18:57:44,956 WARNING More processors than fractures requested.
Resetting ncpu to num_frac
2025-03-01 18:57:44,956 INFO ================================================================================
2025-03-01 18:57:44,956 INFO --> Triangulating 2 fractures using 2 processors

2025-03-01 18:57:45,214 INFO 	* Starting on Fracture 1 out of 2 *
2025-03-01 18:57:45,214 INFO 	* Starting on Fracture 2 out of 2 *
2025-03-01 18:57:48,536 INFO --> Triangulating Polygons: Complete

2025-03-01 18:57:48,536 INFO --> Total Time to Mesh Network:
2025-03-01 18:57:48,536 INFO --> 3.58e+00 seconds	5.97e-02 minutes	9.94e-04 hours
2025-03-01 18:57:48,536 INFO ================================================================================
2025-03-01 18:57:48,536 INFO * Checking for meshing issues.
2025-03-01 18:57:48,593 INFO Merging the mesh: Starting
2025-03-01 18:57:48,593 INFO --> Writting partial merge scripts
2025-03-01 18:57:48,593 INFO --> There are 2 fractures in each part
2025-03-01 18:57:49,012 INFO --> Writting merge scripts: Complete 
2025-03-01 18:57:49,012 INFO --> Writing : merge_network.lgi
2025-03-01 18:57:49,217 INFO --> Writing : merge_network.lgi - complete
2025-03-01 18:57:49,217 INFO ================================================================================
2025-03-01 18:57:49,217 INFO --> Merging triangulated fracture meshes using 2 processors.
2025-03-01 18:57:51,434 INFO --> Initial merging complete. Time elapsed: 2.22e+00 seconds.

2025-03-01 18:57:51,434 INFO ================================================================================
2025-03-01 18:57:51,434 INFO --> Starting Final Merge
2025-03-01 18:57:53,115 INFO --> Final merge complete. Time elapsed: 1.68e+00 seconds
2025-03-01 18:57:53,116 INFO --> Checking for final mesh
2025-03-01 18:57:53,116 INFO --> Checking for final mesh: Complete
2025-03-01 18:57:53,116 INFO Merging the mesh: Complete
2025-03-01 18:57:53,213 INFO --> The reduced mesh in reduced_mesh.inp has 8 nodes and 4 triangular elements
2025-03-01 18:57:53,213 INFO --> Cleaning up directory after meshing
2025-03-01 18:57:55,556 INFO --> Cleaning up directory after meshing complete
2025-03-01 18:57:55,556 INFO --> Total Time to Mesh Network:
2025-03-01 18:57:55,556 INFO --> 1.32e+01 seconds	2.19e-01 minutes	3.66e-03 hours
2025-03-01 18:57:55,556 INFO ================================================================================
2025-03-01 18:57:55,556 INFO Meshing DFN using LaGriT : Complete
2025-03-01 18:57:55,556 INFO ================================================================================
2025-03-01 18:57:55,556 INFO --> Pickling DFN object to middle_layer.pkl
2025-03-01 18:57:55,755 INFO --> Pickling DFN object to middle_layer.pkl : Complete
