 
 
*               * * * * * * * * * * * * * * * * * * * * * * * *                 
*               *                                             *                 
*               *    Program:  LaGriT V3.3.4   Linux          *                 
*               *    Compiler Name: GNU                       *                 
*               *    Compiler Version: 13.3.0                 *                 
*               *    Date Compile: 2025/02/05                 *                 
*               *    Run Time: 2025/Mar  6  06:50:49          *                 
*               *    Manual:   https://lagrit.lanl.gov        *                 
*               *                                             *                 
*               * * * * * * * * * * * * * * * * * * * * * * * *                 
 
                               -----oOo-----                                    
             LaGriT V3 LA-CC-15-069  https://github.com/lanl/LaGriT             
  Copyright 2016. Triad National Security, LLC.  All rights reserved. This      
  program was produced under U.S. Government contract 89233218CNA000001         
  for Los Alamos National Laboratory (LANL), which is operated by Triad         
  National Security, LLC for the U.S. Department of Energy/National Nuclear     
  Security Administration.  All rights in the program are reserved by Triad     
  National Security, LLC, and the U.S. Department of Energy/National Nuclear    
  Security Administration. The Government is granted for itself and others      
  acting on its behalf a nonexclusive, paid-up, irrevocable worldwide license   
  in this material to reproduce, prepare derivative works, distribute copies    
  to the public, perform publicly and display publicly, and to permit others to 
  do so. This software is open source and available under the BSD-3 License.    
                               -----oOo-----                                    
 
 
Output log file: lagrit_logs/driver1865.out                                     
Command log file: lagrit_logs/driver1865.log                                    
 
read/avs/ex_xyz1865_2.inp/mo_vertex                                             
cmo/status/brief                                                                
 
The current-mesh-object(CMO) is: mo_vertex                                      
 
  1 Mesh Object name: mo_vertex                                                 
    number of nodes =         81368        number of elements =            0    
    dimensions geometry =         3        element type =                tet    
    dimensions topology =         3        4 nodes      4 faces      6 edges    
    boundary flag =        16000000        status =                   active    
 
 
finish                                                                          
cmo/addatt/mo_vertex/area_tri/vdouble/scalar/nnodes                             
cmo/readatt/mo_vertex/area_tri/1 0 0/ex_area1865_2.table                        
readatt: reading     1 values from each line.                                   
readatt filling attribute:       1  area_tri                                    
cmo/status/mo_vertex brief                                                      
 
The current-mesh-object(CMO) is: mo_vertex                                      
 
  1 Mesh Object name: mo_vertex                                                 
    number of nodes =         81368        number of elements =            0    
    dimensions geometry =         3        element type =                tet    
    dimensions topology =         3        4 nodes      4 faces      6 edges    
    boundary flag =        16000000        status =                   active    
 
 
finish                                                                          
File values used:     1 out of     1 from each line.                            
File values written to     1 out of     1 attributes.                           
END readatt: reading     1 values from           81368 lines.                   
read/avs/frac1865.inp/frac                                                      
cmo/addatt/frac/dfield/VDOUBLE/scalar/nnodes/linear/permanent/gxaf/0.0          
finish                                                                          
geniee                                                                          
finish                                                                          
cmo/status/brief                                                                
 
The current-mesh-object(CMO) is: frac                                           
 
  1 Mesh Object name: mo_vertex                                                 
    number of nodes =         81368        number of elements =            0    
    dimensions geometry =         3        element type =                tet    
    dimensions topology =         3        4 nodes      4 faces      6 edges    
    boundary flag =        16000000        status =                 inactive    
 
  2 Mesh Object name: frac                                                      
    number of nodes =        631820        number of elements =      3604045    
    dimensions geometry =         3        element type =                tet    
    dimensions topology =         3        4 nodes      4 faces      6 edges    
    boundary flag =        22000000        status =                   active    
 
 
finish                                                                          
cmo/addatt/frac/area_sum/vdouble/scalar/nnodes                                  
upscale/sum/frac,area_sum/1 0 0/mo_vertex,area_tri                              
cmo/addatt/mo_vertex/pt_gtg/VINT/scalar/nnodes//permanent/agfx/0                
finish                                                                          
cmo/addatt/mo_vertex/dups_gtg/VINT/scalar/nnodes//permanent/agfx/0              
finish                                                                          
 
UPSCALE METHOD:        sum                                                      
       options:     delatt  multiple    set_id                                  
      631820  Sink Nodes of area_sum in course mesh: frac                       
       81368  Source Nodes of area_tri in fine mesh: mo_vertex                  
 
  Source Nodes    Percent Done                                                  
           1628        2 %                                                      
           3255        4 %                                                      
           4882        6 %                                                      
           6509        8 %                                                      
           8136       10 %                                                      
           9763       12 %                                                      
          11390       14 %                                                      
          13017       16 %                                                      
          14644       18 %                                                      
          16271       20 %                                                      
          17898       22 %                                                      
          19525       24 %                                                      
          21152       26 %                                                      
          22779       28 %                                                      
          24406       30 %                                                      
          26033       32 %                                                      
          27660       34 %                                                      
          29287       36 %                                                      
          30914       38 %                                                      
          32541       40 %                                                      
          34168       42 %                                                      
          35795       44 %                                                      
          37422       46 %                                                      
          39049       48 %                                                      
          40676       50 %                                                      
          42303       52 %                                                      
          43930       54 %                                                      
          45557       56 %                                                      
          47184       58 %                                                      
          48811       60 %                                                      
          50438       62 %                                                      
          52065       64 %                                                      
          53692       66 %                                                      
          55319       68 %                                                      
          56946       70 %                                                      
          58573       72 %                                                      
          60200       74 %                                                      
          61827       76 %                                                      
          63454       78 %                                                      
          65081       80 %                                                      
          66708       82 %                                                      
          68335       84 %                                                      
          69962       86 %                                                      
          71589       88 %                                                      
          73216       90 %                                                      
          74843       92 %                                                      
          76470       94 %                                                      
          78097       96 %                                                      
          79724       98 %                                                      
          81351      100 %                                                      
          81368 Total source nodes searched.                                    
           8547 sink nodes out of            631820 assigned values.            
          81368 source nodes out of           81368 used as source values.      
UPSCALE/sum/ from area_tri to area_sum Done.                                    
 
cmo DELATT mo_vertex/pt_gtg                                                     
finish                                                                          
cmo DELATT mo_vertex/dups_gtg                                                   
finish                                                                          
cmo select frac                                                                 
finish                                                                          
cmo kdtree release                                                              
finish                                                                          
cmo/DELATT/frac/itp1                                                            
cmo/DELATT/frac/icr1                                                            
cmo/DELATT/frac/isn1                                                            
cmo/DELATT/frac/dfield                                                          
dump/avs/area_sum1865.table/frac/0 0 2 0                                        
WARNING: dump/avs  iopt_points=    0                                            
WARNING: dump/avs  iopt_elements=    0                                          
WARNING: dump/avs  iopt_values_node=    2                                       
WARNING: dump/avs  iopt_values_elem=    0                                       
WARNING: dump/avs  will produce non-standard AVS output that                    
WARNING: read/avs may not be able to read.                                      
cmo/modatt/-def-/-def-/ioflag/x                                                 
finish                                                                          
cmo/delete/mo_vertex                                                            
     Released Mesh Object: mo_vertex                                            
cmo/delete/frac                                                                 
     Released Mesh Object: frac                                                 
finish                                                                          
LaGriT successfully completed                                                   
