read/avs/mohex2.inp/mohex2                                                      
cmo/DELATT/mohex2/if_int                                                        
read/avs/MOTET_np1.inp/MOTET_np1                                                
read/avs/MOTET.inp/MOTET                                                        
read/avs/reduced_mesh.inp/MODFN                                                 
cmo/create/FRACTURE772                                                          
cmo/copy/FRACTURE772/MODFN                                                      
cmo/select/FRACTURE772                                                          
pset/pdel/attribute imt/1 0 0/ne/772                                            
rmpoint pset,get,pdel                                                           
rmpoint compress                                                                
resetpts itp                                                                    
pset/pdel/delete                                                                
eltset/edel/itetclr/ne/772                                                      
rmpoint element eltset,get,edel                                                 
rmpoint compress                                                                
resetpts itp                                                                    
eltset/edel/delete                                                              
intersect_elements/mohex2/FRACTURE772/if_int                                    
eltset/erefine/if_int/ne/0                                                      
pset/pinter/eltset erefine                                                      
cmo/create/temp772                                                              
cmo/copy/temp772/mohex2                                                         
cmo/select/temp772                                                              
pset/pdel/if_int/1 0 0/eq/0                                                     
rmpoint,pset,get,pdel                                                           
rmpoint compress                                                                
resetpts itp                                                                    
pset/pdel/delete                                                                
eltset/edel/if_int/eq/0                                                         
rmpoint element eltset,get,edel                                                 
rmpoint compress                                                                
resetpts itp                                                                    
eltset/edel/delete                                                              
cmo/setatt/temp772/itetclr/1 0 0/772                                            
cmo/setatt/temp772/imt/1 0 0/772                                                
cmo/create/TETCOPY                                                              
cmo/copy/TETCOPY/MOTET                                                          
cmo/select/TETCOPY                                                              
interpolate/map/TETCOPY/itetclr/1 0 0/temp772/itetclr                           
compute/distance_field/TETCOPY/temp772/dfield                                   
cmo/select/TETCOPY                                                              
pset/pfrac/attribute/dfield/1 0 0/le/1.e-8                                      
cmo/setatt/TETCOPY/imt/1 0 0/2152                                               
cmo/setatt/TETCOPY/imt/pset get pfrac/772                                       
cmo/set_id/MOTET_np1/element/id_cell                                            
cmo/set_id/MOTET_np1/node/id_vertex                                             
extract/plane/ptnorm/-17320.61343 3725.629928 -3789.963423/0.685678954358685 0.6
29166228247323 -0.366052221387356/1 0 0/moext/MOTET_np1                         
cmo/status/brief                                                                
createpts/median                                                                
cmo/DELATT/moext/id_cell                                                        
cmo/DELATT/moext/id_parent                                                      
dump/avs2/ex_xyz772.table/moext 0 0 0 1                                         
cmo/addatt/moext/volume/area_tri                                                
cmo/DELATT/moext/xmed                                                           
cmo/DELATT/moext/ymed                                                           
cmo/DELATT/moext/zmed                                                           
dump/avs2/ex_area772.table/moext 0 0 0 1                                        
cmo/delete/moext                                                                
cmo/select/TETCOPY                                                              
cmo/DELATT/TETCOPY/icr1                                                         
cmo/DELATT/TETCOPY/itp1                                                         
cmo/DELATT/TETCOPY/isn1                                                         
dump/avs2/frac772.inp/TETCOPY                                                   
cmo/delete/temp772                                                              
cmo/delete/TETCOPY                                                              
cmo/select/mohex2                                                               
cmo/setatt/mohex2/itetclr/eltset get erefine/772                                
cmo/setatt/mohex2/imt/pset get pinter/772                                       
eltset/erefine/delete                                                           
pset/pinter/delete                                                              
cmo/DELATT/mohex2/if_int                                                        
cmo/delete/FRACTURE772                                                          
finish                                                                          
