 
 
*               * * * * * * * * * * * * * * * * * * * * * * * *                 
*               *                                             *                 
*               *    Program:  LaGriT V3.3.4   Linux          *                 
*               *    Compiler Name: GNU                       *                 
*               *    Compiler Version: 13.3.0                 *                 
*               *    Date Compile: 2025/02/05                 *                 
*               *    Run Time: 2025/Mar  6  06:43:23          *                 
*               *    Manual:   https://lagrit.lanl.gov        *                 
*               *                                             *                 
*               * * * * * * * * * * * * * * * * * * * * * * * *                 
 
                               -----oOo-----                                    
             LaGriT V3 LA-CC-15-069  https://github.com/lanl/LaGriT             
  Copyright 2016. Triad National Security, LLC.  All rights reserved. This      
  program was produced under U.S. Government contract 89233218CNA000001         
  for Los Alamos National Laboratory (LANL), which is operated by Triad         
  National Security, LLC for the U.S. Department of Energy/National Nuclear     
  Security Administration.  All rights in the program are reserved by Triad     
  National Security, LLC, and the U.S. Department of Energy/National Nuclear    
  Security Administration. The Government is granted for itself and others      
  acting on its behalf a nonexclusive, paid-up, irrevocable worldwide license   
  in this material to reproduce, prepare derivative works, distribute copies    
  to the public, perform publicly and display publicly, and to permit others to 
  do so. This software is open source and available under the BSD-3 License.    
                               -----oOo-----                                    
 
 
Output log file: lagrit_logs/driver1641.out                                     
Command log file: lagrit_logs/driver1641.log                                    
 
read/avs/ex_xyz1641_2.inp/mo_vertex                                             
cmo/status/brief                                                                
 
The current-mesh-object(CMO) is: mo_vertex                                      
 
  1 Mesh Object name: mo_vertex                                                 
    number of nodes =         49951        number of elements =            0    
    dimensions geometry =         3        element type =                tet    
    dimensions topology =         3        4 nodes      4 faces      6 edges    
    boundary flag =        16000000        status =                   active    
 
 
finish                                                                          
cmo/addatt/mo_vertex/area_tri/vdouble/scalar/nnodes                             
cmo/readatt/mo_vertex/area_tri/1 0 0/ex_area1641_2.table                        
readatt: reading     1 values from each line.                                   
readatt filling attribute:       1  area_tri                                    
cmo/status/mo_vertex brief                                                      
 
The current-mesh-object(CMO) is: mo_vertex                                      
 
  1 Mesh Object name: mo_vertex                                                 
    number of nodes =         49951        number of elements =            0    
    dimensions geometry =         3        element type =                tet    
    dimensions topology =         3        4 nodes      4 faces      6 edges    
    boundary flag =        16000000        status =                   active    
 
 
finish                                                                          
File values used:     1 out of     1 from each line.                            
File values written to     1 out of     1 attributes.                           
END readatt: reading     1 values from           49951 lines.                   
read/avs/frac1641.inp/frac                                                      
cmo/addatt/frac/dfield/VDOUBLE/scalar/nnodes/linear/permanent/gxaf/0.0          
finish                                                                          
geniee                                                                          
finish                                                                          
cmo/status/brief                                                                
 
The current-mesh-object(CMO) is: frac                                           
 
  1 Mesh Object name: mo_vertex                                                 
    number of nodes =         49951        number of elements =            0    
    dimensions geometry =         3        element type =                tet    
    dimensions topology =         3        4 nodes      4 faces      6 edges    
    boundary flag =        16000000        status =                 inactive    
 
  2 Mesh Object name: frac                                                      
    number of nodes =        631820        number of elements =      3604045    
    dimensions geometry =         3        element type =                tet    
    dimensions topology =         3        4 nodes      4 faces      6 edges    
    boundary flag =        22000000        status =                   active    
 
 
finish                                                                          
cmo/addatt/frac/area_sum/vdouble/scalar/nnodes                                  
upscale/sum/frac,area_sum/1 0 0/mo_vertex,area_tri                              
cmo/addatt/mo_vertex/pt_gtg/VINT/scalar/nnodes//permanent/agfx/0                
finish                                                                          
cmo/addatt/mo_vertex/dups_gtg/VINT/scalar/nnodes//permanent/agfx/0              
finish                                                                          
 
UPSCALE METHOD:        sum                                                      
       options:     delatt  multiple    set_id                                  
      631820  Sink Nodes of area_sum in course mesh: frac                       
       49951  Source Nodes of area_tri in fine mesh: mo_vertex                  
 
  Source Nodes    Percent Done                                                  
           1000        2 %                                                      
           1999        4 %                                                      
           2998        6 %                                                      
           3997        8 %                                                      
           4996       10 %                                                      
           5995       12 %                                                      
           6994       14 %                                                      
           7993       16 %                                                      
           8992       18 %                                                      
           9991       20 %                                                      
          10990       22 %                                                      
          11989       24 %                                                      
          12988       26 %                                                      
          13987       28 %                                                      
          14986       30 %                                                      
          15985       32 %                                                      
          16984       34 %                                                      
          17983       36 %                                                      
          18982       38 %                                                      
          19981       40 %                                                      
          20980       42 %                                                      
          21979       44 %                                                      
          22978       46 %                                                      
          23977       48 %                                                      
          24976       50 %                                                      
          25975       52 %                                                      
          26974       54 %                                                      
          27973       56 %                                                      
          28972       58 %                                                      
          29971       60 %                                                      
          30970       62 %                                                      
          31969       64 %                                                      
          32968       66 %                                                      
          33967       68 %                                                      
          34966       70 %                                                      
          35965       72 %                                                      
          36964       74 %                                                      
          37963       76 %                                                      
          38962       78 %                                                      
          39961       80 %                                                      
          40960       82 %                                                      
          41959       84 %                                                      
          42958       86 %                                                      
          43957       88 %                                                      
          44956       90 %                                                      
          45955       92 %                                                      
          46954       94 %                                                      
          47953       96 %                                                      
          48952       98 %                                                      
          49951      100 %                                                      
          49951 Total source nodes searched.                                    
           4897 sink nodes out of            631820 assigned values.            
          49951 source nodes out of           49951 used as source values.      
UPSCALE/sum/ from area_tri to area_sum Done.                                    
 
cmo DELATT mo_vertex/pt_gtg                                                     
finish                                                                          
cmo DELATT mo_vertex/dups_gtg                                                   
finish                                                                          
cmo select frac                                                                 
finish                                                                          
cmo kdtree release                                                              
finish                                                                          
cmo/DELATT/frac/itp1                                                            
cmo/DELATT/frac/icr1                                                            
cmo/DELATT/frac/isn1                                                            
cmo/DELATT/frac/dfield                                                          
dump/avs/area_sum1641.table/frac/0 0 2 0                                        
WARNING: dump/avs  iopt_points=    0                                            
WARNING: dump/avs  iopt_elements=    0                                          
WARNING: dump/avs  iopt_values_node=    2                                       
WARNING: dump/avs  iopt_values_elem=    0                                       
WARNING: dump/avs  will produce non-standard AVS output that                    
WARNING: read/avs may not be able to read.                                      
cmo/modatt/-def-/-def-/ioflag/x                                                 
finish                                                                          
cmo/delete/mo_vertex                                                            
     Released Mesh Object: mo_vertex                                            
cmo/delete/frac                                                                 
     Released Mesh Object: frac                                                 
finish                                                                          
LaGriT successfully completed                                                   
